============================= test session starts =============================
platform win32 -- Python 3.11.9, pytest-8.3.3, pluggy-1.5.0
rootdir: C:\AI工具\autotest\gw_project_web_outo
configfile: pytest.ini
plugins: allure-pytest-2.16.0, anyio-4.13.0, base-url-2.1.0, html-4.1.1, metadata-3.1.1, playwright-0.7.2, xdist-3.8.0
collected 311 items

tests\datalog\alarmconfig\test_TestCase_ACUHMI17_BZ_001_002.py .         [  0%]
tests\datalog\alarmlogs\test_TestCase_AcuHMI_002_02_case08.py x          [  0%]
tests\datalog\general\test_TestCase_AcuHMI_003_06_case01.py x            [  0%]
tests\datalog\general\test_TestCase_AcuHMI_003_07_case01.py F            [  1%]
tests\datalog\general\test_TestCase_AcuHMI_003_07_case04.py F            [  1%]
tests\datalog\logger1\test_TestCase_AcuHMI_003_01_case19.py x            [  1%]
tests\datalog\logger1\test_TestCase_AcuHMI_003_04_case21.py x            [  2%]
tests\datalog\logger2\test_TestCase_AcuHMI_003_02_case11.py x            [  2%]
tests\datalog\logger2\test_TestCase_AcuHMI_003_02_case13.py x            [  2%]
tests\datalog\logger3\test_TestCase_AcuHMI_003_03_case11.py x            [  3%]
tests\datalog\logger3\test_TestCase_AcuHMI_003_03_case13.py x            [  3%]
tests\datalog\postchannel\test_TestCase_AcuHMI_003_05_case01.py .        [  3%]
tests\datalog\postchannel\test_TestCase_AcuHMI_003_05_case02.py x        [  4%]
tests\datalog\postchannel\test_TestCase_AcuHMI_003_05_case03.py F        [  4%]
tests\datalog\postchannel\test_TestCase_AcuHMI_003_05_case04.py x        [  4%]
tests\datalog\postchannel\test_TestCase_AcuHMI_003_05_case05.py F        [  5%]
tests\datalog\postchannel\test_TestCase_AcuHMI_003_05_case06.py x        [  5%]
tests\datalog\postchannel\test_TestCase_AcuHMI_003_05_case07.py x        [  5%]
tests\datalog\postchannel\test_TestCase_AcuHMI_003_05_case08.py F        [  6%]
tests\datalog\postchannel\test_TestCase_AcuHMI_003_05_case09.py .        [  6%]
tests\datalog\postchannel\test_TestCase_AcuHMI_003_05_case10.py x        [  6%]
tests\datalog\postchannel\test_TestCase_AcuHMI_003_05_case11.py F        [  7%]
tests\datalog\postchannel\test_TestCase_AcuHMI_003_05_case12.py x        [  7%]
tests\datalog\postchannel\test_TestCase_AcuHMI_003_05_case13.py x        [  7%]
tests\datalog\postchannel\test_TestCase_AcuHMI_003_05_case14.py x        [  8%]
tests\datalog\postchannel\test_TestCase_AcuHMI_003_05_case15.py .        [  8%]
tests\datalog\postchannel\test_TestCase_AcuHMI_003_05_case16.py x        [  8%]
tests\datalog\postchannel\test_TestCase_AcuHMI_003_05_case17.py F        [  9%]
tests\datalog\postchannel\test_TestCase_AcuHMI_003_05_case18.py x        [  9%]
tests\datalog\postchannel\test_TestCase_AcuHMI_003_05_case19.py x        [  9%]
tests\datalog\postchannel\test_TestCase_AcuHMI_003_05_case20.py x        [  9%]
tests\datalog\postchannel\test_TestCase_AcuHMI_003_05_case21.py .        [ 10%]
tests\datalog\rapidlogger\test_TestCase_AcuHMI_003_04_case14.py x        [ 10%]
tests\datalog\rapidlogger\test_TestCase_AcuHMI_003_04_case16.py x        [ 10%]
tests\datalog\virtualhistoricalpush\test_TestCase_AcuHMI_003_08_case12.py s [ 11%]
                                                                         [ 11%]
tests\datalog\virtualhistoricalpush\test_TestCase_AcuHMI_003_08_case13.py s [ 11%]
                                                                         [ 11%]
tests\datalog\virtualhistoricalpush\test_TestCase_AcuHMI_003_08_case14.py s [ 11%]
                                                                         [ 11%]
tests\datalog\virtualhistoricalpush\test_TestCase_AcuHMI_003_08_case14_v2.py s [ 12%]
                                                                         [ 12%]
tests\systemsettings\general\test_TestCase_AcuHMI_005_01_case01.py x     [ 12%]
tests\systemsettings\general\test_TestCase_AcuHMI_005_01_case02.py F     [ 12%]
tests\systemsettings\general\test_TestCase_AcuHMI_005_01_case03_01.py x  [ 13%]
tests\systemsettings\general\test_TestCase_AcuHMI_005_01_case03_02.py x  [ 13%]
tests\systemsettings\general\test_TestCase_AcuHMI_005_01_case03_03.py x  [ 13%]
tests\systemsettings\general\test_TestCase_AcuHMI_005_01_case03_04.py x  [ 14%]
tests\systemsettings\general\test_TestCase_AcuHMI_005_01_case04.py x     [ 14%]
tests\systemsettings\general\test_TestCase_AcuHMI_005_01_case05.py F     [ 14%]
tests\systemsettings\general\test_TestCase_AcuHMI_005_01_case05_01.py F  [ 15%]
tests\systemsettings\general\test_TestCase_AcuHMI_005_01_case05_row598.py F [ 15%]
                                                                         [ 15%]
tests\systemsettings\general\test_TestCase_AcuHMI_005_02_case01_02.py F  [ 15%]
tests\systemsettings\general\test_TestCase_AcuHMI_005_02_case02_02.py F  [ 16%]
tests\systemsettings\general\test_TestCase_AcuHMI_005_04_case01.py x     [ 16%]
tests\systemsettings\general\test_TestCase_AcuHMI_005_04_case02.py x     [ 16%]
tests\systemsettings\general\test_TestCase_AcuHMI_005_04_case03.py x     [ 17%]
tests\systemsettings\general\test_TestCase_AcuHMI_005_04_case04.py F     [ 17%]
tests\systemsettings\general\test_TestCase_AcuHMI_005_04_case04_1.py F   [ 17%]
tests\systemsettings\general\test_TestCase_AcuHMI_005_04_case04_10.py F  [ 18%]
tests\systemsettings\general\test_TestCase_AcuHMI_005_04_case04_2.py F   [ 18%]
tests\systemsettings\general\test_TestCase_AcuHMI_005_04_case04_3.py F   [ 18%]
tests\systemsettings\general\test_TestCase_AcuHMI_005_04_case04_4.py F   [ 18%]
tests\systemsettings\general\test_TestCase_AcuHMI_005_04_case04_5.py F   [ 19%]
tests\systemsettings\general\test_TestCase_AcuHMI_005_04_case04_6.py F   [ 19%]
tests\systemsettings\general\test_TestCase_AcuHMI_005_04_case04_7.py F   [ 19%]
tests\systemsettings\general\test_TestCase_AcuHMI_005_04_case04_8.py F   [ 20%]
tests\systemsettings\general\test_TestCase_AcuHMI_005_04_case04_9.py F   [ 20%]
tests\systemsettings\general\test_TestCase_AcuHMI_005_04_case05.py F     [ 20%]
tests\systemsettings\general\test_TestCase_AcuHMI_005_04_case05_1.py F   [ 21%]
tests\systemsettings\general\test_TestCase_AcuHMI_005_04_case05_10.py F  [ 21%]
tests\systemsettings\general\test_TestCase_AcuHMI_005_04_case05_2.py F   [ 21%]
tests\systemsettings\general\test_TestCase_AcuHMI_005_04_case05_3.py F   [ 22%]
tests\systemsettings\general\test_TestCase_AcuHMI_005_04_case05_4.py F   [ 22%]
tests\systemsettings\general\test_TestCase_AcuHMI_005_04_case05_5.py F   [ 22%]
tests\systemsettings\general\test_TestCase_AcuHMI_005_04_case05_6.py F   [ 23%]
tests\systemsettings\general\test_TestCase_AcuHMI_005_04_case05_7.py F   [ 23%]
tests\systemsettings\general\test_TestCase_AcuHMI_005_04_case05_8.py F   [ 23%]
tests\systemsettings\general\test_TestCase_AcuHMI_005_04_case05_9.py F   [ 24%]
tests\systemsettings\general\test_TestCase_AcuHMI_005_04_case06.py s     [ 24%]
tests\systemsettings\general\test_TestCase_AcuHMI_005_04_case06_1.py F   [ 24%]
tests\systemsettings\general\test_TestCase_AcuHMI_005_04_case06_2.py x   [ 25%]
tests\systemsettings\general\test_TestCase_AcuHMI_005_04_case06_3.py F   [ 25%]
tests\systemsettings\general\test_TestCase_AcuHMI_005_05_case01.py F     [ 25%]
tests\systemsettings\general\test_TestCase_AcuHMI_005_05_case02.py F     [ 26%]
tests\systemsettings\general\test_TestCase_AcuHMI_005_05_case02_01.py x  [ 26%]
tests\systemsettings\general\test_TestCase_AcuHMI_005_05_case03.py x     [ 26%]
tests\systemsettings\general\test_TestCase_AcuHMI_005_05_case03_1.py x   [ 27%]
tests\systemsettings\general\test_TestCase_AcuHMI_005_05_case03_2.py x   [ 27%]
tests\systemsettings\general\test_TestCase_AcuHMI_005_05_case04.py F     [ 27%]
tests\systemsettings\general\test_TestCase_AcuHMI_005_05_case05.py x     [ 27%]
tests\systemsettings\general\test_TestCase_AcuHMI_005_05_case05_1.py F   [ 28%]
tests\systemsettings\general\test_TestCase_AcuHMI_005_05_case05_2.py F   [ 28%]
tests\systemsettings\general\test_TestCase_AcuHMI_005_05_case05_3.py F   [ 28%]
tests\systemsettings\general\test_TestCase_AcuHMI_005_07_case03_3.py F   [ 29%]
tests\systemsettings\general\test_TestCase_AcuHMI_005_07_case03_4.py F   [ 29%]
tests\systemsettings\general\test_TestCase_AcuHMI_005_07_case03_5.py F   [ 29%]
tests\systemsettings\general\test_TestCase_AcuHMI_005_08_case01_01.py s  [ 30%]
tests\systemsettings\general\test_TestCase_AcuHMI_009_05_case01_10.py x  [ 30%]
tests\systemsettings\general\test_TestCase_AcuRev4100_WEB2_009_006_case03.py F [ 30%]
                                                                         [ 30%]
tests\diagnostics\general\test_TestCase_AcuHMI_009_01_case01.py F        [ 31%]
tests\diagnostics\general\test_TestCase_AcuHMI_009_02_case01.py x        [ 31%]
tests\diagnostics\general\test_TestCase_AcuHMI_009_02_case01_01.py x     [ 31%]
tests\diagnostics\general\test_TestCase_AcuHMI_009_02_case01_02.py x     [ 32%]
tests\diagnostics\general\test_TestCase_AcuHMI_009_02_case01_03.py x     [ 32%]
tests\diagnostics\general\test_TestCase_AcuHMI_009_02_case01_04.py x     [ 32%]
tests\diagnostics\general\test_TestCase_AcuHMI_009_03_case01.py x        [ 33%]
tests\diagnostics\general\test_TestCase_AcuHMI_009_04_case01.py x        [ 33%]
tests\diagnostics\general\test_TestCase_AcuHMI_009_05_case01.py F        [ 33%]
tests\diagnostics\general\test_TestCase_AcuHMI_009_05_case01_1.py F      [ 34%]
tests\diagnostics\general\test_TestCase_AcuHMI_009_05_case01_11.py x     [ 34%]
tests\diagnostics\general\test_TestCase_AcuHMI_009_05_case01_12.py F     [ 34%]
tests\diagnostics\general\test_TestCase_AcuHMI_009_05_case01_13.py x     [ 35%]
tests\diagnostics\general\test_TestCase_AcuHMI_009_05_case01_14.py x     [ 35%]
tests\diagnostics\general\test_TestCase_AcuHMI_009_05_case01_2.py x      [ 35%]
tests\diagnostics\general\test_TestCase_AcuHMI_009_05_case01_3.py x      [ 36%]
tests\diagnostics\general\test_TestCase_AcuHMI_009_05_case01_4.py x      [ 36%]
tests\diagnostics\general\test_TestCase_AcuHMI_009_05_case01_5.py x      [ 36%]
tests\diagnostics\general\test_TestCase_AcuHMI_009_05_case01_6.py x      [ 36%]
tests\diagnostics\general\test_TestCase_AcuHMI_009_05_case01_7.py x      [ 37%]
tests\diagnostics\general\test_TestCase_AcuHMI_009_05_case01_8.py x      [ 37%]
tests\diagnostics\general\test_TestCase_AcuHMI_009_05_case01_9.py x      [ 37%]
tests\diagnostics\general\test_TestCase_AcuHMI_009_05_case02.py x        [ 38%]
tests\diagnostics\general\test_TestCase_AcuHMI_009_05_case03.py x        [ 38%]
tests\diagnostics\general\test_TestCase_AcuHMI_009_06_case01_21.py F     [ 38%]
tests\diagnostics\general\test_TestCase_AcuHMI_009_06_case02.py F        [ 39%]
tests\templates\general\test_TestCase_AcuHMI_008_01_case01_1.py s        [ 39%]
tests\templates\general\test_TestCase_AcuHMI_008_01_case02_2.py F        [ 39%]
tests\templates\general\test_TestCase_AcuHMI_008_01_case03_3.py F        [ 40%]
tests\templates\general\test_TestCase_AcuHMI_008_01_case04_4.py F        [ 40%]
tests\templates\general\test_TestCase_AcuHMI_008_01_case05_5.py F        [ 40%]
tests\templates\general\test_TestCase_AcuHMI_008_01_case06_6.py F        [ 41%]
tests\templates\general\test_TestCase_AcuHMI_008_01_case07_7.py x        [ 41%]
tests\templates\general\test_TestCase_AcuHMI_008_01_case08_8.py F        [ 41%]
tests\templates\general\test_TestCase_AcuHMI_008_01_case09_9.py x        [ 42%]
tests\templates\general\test_TestCase_AcuHMI_008_01_case10_10.py x       [ 42%]
tests\templates\general\test_TestCase_AcuHMI_008_01_case11_11.py x       [ 42%]
tests\templates\general\test_TestCase_AcuHMI_008_01_case12_12.py F       [ 43%]
tests\templates\general\test_TestCase_AcuHMI_008_01_case13_13.py F       [ 43%]
tests\templates\general\test_TestCase_AcuHMI_008_01_case14_14.py x       [ 43%]
tests\templates\general\test_TestCase_AcuHMI_008_01_case14_14_v2.py x    [ 44%]
tests\templates\general\test_TestCase_AcuHMI_008_01_case15_15.py x       [ 44%]
tests\templates\general\test_TestCase_AcuHMI_008_01_case16_16.py x       [ 44%]
tests\templates\general\test_TestCase_AcuHMI_008_01_case17_17.py x       [ 45%]
tests\templates\general\test_TestCase_AcuHMI_008_01_case18_18.py X       [ 45%]
tests\templates\general\test_TestCase_AcuHMI_008_01_case19_19.py X       [ 45%]
tests\virtualdevice\general\test_TestCase_ACUREV4100WEB2_VD_002_001.py . [ 45%]
                                                                         [ 45%]
tests\virtualdevice\general\test_TestCase_ACUREV4100WEB2_VD_002_002.py . [ 46%]
                                                                         [ 46%]
tests\virtualdevice\general\test_TestCase_ACUREV4100WEB2_VD_002_003.py . [ 46%]
                                                                         [ 46%]
tests\virtualdevice\general\test_TestCase_ACUREV4100WEB2_VD_002_004.py . [ 46%]
                                                                         [ 46%]
tests\virtualdevice\general\test_TestCase_ACUREV4100WEB2_VD_002_005.py . [ 47%]
                                                                         [ 47%]
tests\virtualdevice\general\test_TestCase_ACUREV4100WEB2_VD_002_006.py s [ 47%]
                                                                         [ 47%]
tests\virtualdevice\general\test_TestCase_ACUREV4100WEB2_VD_003_001.py . [ 47%]
                                                                         [ 47%]
tests\virtualdevice\general\test_TestCase_ACUREV4100WEB2_VD_003_004.py . [ 48%]
                                                                         [ 48%]
tests\virtualdevice\general\test_TestCase_ACUREV4100WEB2_VD_003_005.py . [ 48%]
                                                                         [ 48%]
tests\virtualdevice\general\test_TestCase_ACUREV4100WEB2_VD_003_006.py . [ 48%]
                                                                         [ 48%]
tests\virtualdevice\general\test_TestCase_ACUREV4100WEB2_VD_004_001.py . [ 49%]
                                                                         [ 49%]
tests\protocols\awsiot\test_TestCase_WEB2_AWS_001_001.py .               [ 49%]
tests\protocols\awsiot\test_TestCase_WEB2_AWS_002_001.py .               [ 49%]
tests\protocols\awsiot\test_TestCase_WEB2_AWS_002_003.py .               [ 50%]
tests\protocols\awsiot\test_TestCase_WEB2_AWS_003_001.py .               [ 50%]
tests\protocols\awsiot\test_TestCase_WEB2_AWS_003_002.py .               [ 50%]
tests\protocols\awsiot\test_TestCase_WEB2_AWS_004_001.py .               [ 51%]
tests\protocols\awsiot\test_TestCase_WEB2_AWS_004_002.py .               [ 51%]
tests\protocols\awsiot\test_TestCase_WEB2_AWS_004_003.py .               [ 51%]
tests\protocols\awsiot\test_TestCase_WEB2_AWS_004_004.py X               [ 52%]
tests\protocols\awsiot\test_TestCase_WEB2_AWS_004_005.py .               [ 52%]
tests\protocols\awsiot\test_TestCase_WEB2_AWS_005_001.py s               [ 52%]
tests\protocols\awsiot\test_TestCase_WEB2_AWS_006_001.py .               [ 53%]
tests\protocols\awsiot\test_TestCase_WEB2_AWS_006_003.py .               [ 53%]
tests\protocols\azureiot\test_TestCase_WEB2_AZU_001_001.py .             [ 53%]
tests\protocols\azureiot\test_TestCase_WEB2_AZU_002_001.py .             [ 54%]
tests\protocols\azureiot\test_TestCase_WEB2_AZU_002_002.py x             [ 54%]
tests\protocols\azureiot\test_TestCase_WEB2_AZU_002_003.py .             [ 54%]
tests\protocols\azureiot\test_TestCase_WEB2_AZU_002_004.py .             [ 54%]
tests\protocols\azureiot\test_TestCase_WEB2_AZU_003_001.py .             [ 55%]
tests\protocols\azureiot\test_TestCase_WEB2_AZU_003_002.py .             [ 55%]
tests\protocols\azureiot\test_TestCase_WEB2_AZU_003_003.py .             [ 55%]
tests\protocols\azureiot\test_TestCase_WEB2_AZU_003_004.py .             [ 56%]
tests\protocols\azureiot\test_TestCase_WEB2_AZU_003_005.py .             [ 56%]
tests\protocols\azureiot\test_TestCase_WEB2_AZU_004_001.py .             [ 56%]
tests\protocols\azureiot\test_TestCase_WEB2_AZU_004_003.py .             [ 57%]
tests\protocols\azureiot\test_TestCase_WEB2_AZU_004_004.py .             [ 57%]
tests\protocols\azureiot\test_TestCase_WEB2_AZU_004_005.py .             [ 57%]
tests\protocols\azureiot\test_TestCase_WEB2_AZU_005_001.py .             [ 58%]
tests\protocols\azureiot\test_TestCase_WEB2_AZU_005_002.py .             [ 58%]
tests\protocols\azureiot\test_TestCase_WEB2_AZU_006_001.py .             [ 58%]
tests\protocols\azureiot\test_TestCase_WEB2_AZU_006_002.py .             [ 59%]
tests\protocols\azureiot\test_TestCase_WEB2_AZU_007_001.py .             [ 59%]
tests\protocols\azureiot\test_TestCase_WEB2_AZU_007_002.py .             [ 59%]
tests\protocols\azureiot\test_TestCase_WEB2_AZU_007_003.py .             [ 60%]
tests\protocols\bacnet\test_TestCase_WEB2_033_001_001.py .               [ 60%]
tests\protocols\bacnet\test_TestCase_WEB2_033_001_008.py X               [ 60%]
tests\protocols\bacnet\test_TestCase_WEB2_033_001_009.py X               [ 61%]
tests\protocols\bacnet\test_TestCase_WEB2_033_001_011.py X               [ 61%]
tests\protocols\bacnet\test_TestCase_WEB2_033_001_019.py x               [ 61%]
tests\protocols\bacnet\test_TestCase_WEB2_033_001_020.py X               [ 62%]
tests\protocols\bacnet\test_TestCase_WEB2_033_001_021.py .               [ 62%]
tests\protocols\bacnet\test_TestCase_WEB2_033_001_022.py .               [ 62%]
tests\protocols\bacnet\test_TestCase_WEB2_033_001_032.py x               [ 63%]
tests\protocols\bacnet\test_TestCase_WEB2_033_001_033.py x               [ 63%]
tests\protocols\bacnet\test_TestCase_WEB2_033_001_034.py x               [ 63%]
tests\protocols\bacnet\test_TestCase_WEB2_033_001_035.py x               [ 63%]
tests\protocols\bacnet\test_TestCase_WEB2_033_001_036.py .               [ 64%]
tests\protocols\bacnet\test_TestCase_WEB2_033_001_037.py X               [ 64%]
tests\protocols\bacnet\test_TestCase_WEB2_033_001_040.py .               [ 64%]
tests\protocols\bacnet\test_TestCase_WEB2_033_001_041.py .               [ 65%]
tests\protocols\bacnet\test_TestCase_WEB2_033_001_042.py X               [ 65%]
tests\protocols\bacnet\test_TestCase_WEB2_033_001_043.py X               [ 65%]
tests\protocols\bacnet\test_TestCase_WEB2_033_001_044.py F               [ 66%]
tests\protocols\bacnet\test_TestCase_WEB2_033_001_045.py x               [ 66%]
tests\protocols\modbus\test_TestCase_AcuHMI_008_02_case02.py x           [ 66%]
tests\protocols\modbus\test_TestCase_AcuHMI_008_02_case03.py x           [ 67%]
tests\protocols\modbus\test_TestCase_AcuHMI_008_02_case03_01.py x        [ 67%]
tests\protocols\modbus\test_TestCase_AcuHMI_008_03_case03.py x           [ 67%]
tests\protocols\modbus\test_TestCase_AcuHMI_008_04_case03.py x           [ 68%]
tests\protocols\modbus\test_TestCase_AcuHMI_008_04_case06.py F           [ 68%]
tests\protocols\mqtt\test_TestCase_AcuRev4100_WEB2_005_004_case01.py F   [ 68%]
tests\protocols\mqtt\test_TestCase_AcuRev4100_WEB2_005_004_case02.py F   [ 69%]
tests\protocols\mqtt\test_TestCase_AcuRev4100_WEB2_005_004_case03.py F   [ 69%]
tests\protocols\mqtt\test_TestCase_AcuRev4100_WEB2_005_004_case04.py F   [ 69%]
tests\protocols\mqtt\test_TestCase_AcuRev4100_WEB2_005_004_case05.py F   [ 70%]
tests\protocols\mqtt\test_TestCase_AcuRev4100_WEB2_005_004_case06.py x   [ 70%]
tests\protocols\mqtt\test_TestCase_AcuRev4100_WEB2_005_004_case07.py x   [ 70%]
tests\protocols\mqtt\test_TestCase_AcuRev4100_WEB2_005_004_case08.py F   [ 71%]
tests\protocols\mqtt\test_TestCase_AcuRev4100_WEB2_005_004_case09.py F   [ 71%]
tests\protocols\mqtt\test_TestCase_AcuRev4100_WEB2_005_004_case10.py F   [ 71%]
tests\protocols\mqtt\test_TestCase_AcuRev4100_WEB2_005_004_case11.py F   [ 72%]
tests\protocols\mqtt\test_TestCase_AcuRev4100_WEB2_005_004_case13.py x   [ 72%]
tests\protocols\mqtt\test_TestCase_AcuRev4100_WEB2_005_004_case14.py x   [ 72%]
tests\protocols\mqtt\test_TestCase_AcuRev4100_WEB2_005_004_case15.py x   [ 72%]
tests\protocols\mqtt\test_TestCase_AcuRev4100_WEB2_005_004_case16.py F   [ 73%]
tests\protocols\mqtt\test_TestCase_AcuRev4100_WEB2_005_004_case17.py x   [ 73%]
tests\protocols\mqtt\test_TestCase_AcuRev4100_WEB2_005_004_case18.py x   [ 73%]
tests\protocols\mqtt\test_TestCase_AcuRev4100_WEB2_005_004_case19.py F   [ 74%]
tests\protocols\mqtt\test_TestCase_AcuRev4100_WEB2_005_004_case20.py F   [ 74%]
tests\protocols\mqtt\test_TestCase_AcuRev4100_WEB2_005_004_case21.py F   [ 74%]
tests\protocols\mqtt\test_TestCase_AcuRev4100_WEB2_005_004_case22.py F   [ 75%]
tests\protocols\mqtt\test_TestCase_AcuRev4100_WEB2_005_004_case23.py F   [ 75%]
tests\protocols\mqtt\test_TestCase_AcuRev4100_WEB2_005_004_case24.py F   [ 75%]
tests\protocols\mqtt\test_TestCase_AcuRev4100_WEB2_005_004_case25.py F   [ 76%]
tests\protocols\mqtt\test_TestCase_AcuRev4100_WEB2_005_004_case26.py F   [ 76%]
tests\protocols\mqtt\test_TestCase_AcuRev4100_WEB2_005_004_case27.py F   [ 76%]
tests\protocols\mqtt\test_TestCase_AcuRev4100_WEB2_005_004_case28.py F   [ 77%]
tests\protocols\mqtt\test_TestCase_AcuRev4100_WEB2_008_004_case30.py F   [ 77%]
tests\protocols\mqtt\test_TestCase_AcuRev4100_WEB2_008_004_case31.py F   [ 77%]
tests\protocols\mqtt\test_TestCase_AcuRev4100_WEB2_008_004_case32.py F   [ 78%]
tests\protocols\mqtt\test_TestCase_AcuRev4100_WEB2_008_004_case33.py x   [ 78%]
tests\protocols\mqtt\test_TestCase_AcuRev4100_WEB2_008_005_case05.py F   [ 78%]
tests\protocols\snmp\test_TestCase_AcuRev4100_WEB2_008_003_case01.py F   [ 79%]
tests\protocols\snmp\test_TestCase_AcuRev4100_WEB2_008_003_case02.py F   [ 79%]
tests\protocols\snmp\test_TestCase_AcuRev4100_WEB2_008_003_case03.py F   [ 79%]
tests\protocols\snmp\test_TestCase_AcuRev4100_WEB2_008_003_case04.py F   [ 80%]
tests\protocols\snmp\test_TestCase_AcuRev4100_WEB2_008_003_case05.py F   [ 80%]
tests\protocols\snmp\test_TestCase_AcuRev4100_WEB2_008_003_case06.py F   [ 80%]
tests\protocols\snmp\test_TestCase_AcuRev4100_WEB2_008_003_case07.py F   [ 81%]
tests\protocols\snmp\test_TestCase_AcuRev4100_WEB2_008_003_case10.py F   [ 81%]
tests\protocols\snmp\test_TestCase_AcuRev4100_WEB2_008_003_case11.py F   [ 81%]
tests\protocols\snmp\test_TestCase_AcuRev4100_WEB2_008_003_case12.py F   [ 81%]
tests\protocols\snmp\test_TestCase_AcuRev4100_WEB2_008_003_case13.py F   [ 82%]
tests\protocols\snmp\test_TestCase_AcuRev4100_WEB2_008_003_case14.py F   [ 82%]
tests\protocols\snmp\test_TestCase_AcuRev4100_WEB2_008_003_case15.py F   [ 82%]
tests\protocols\snmp\test_TestCase_AcuRev4100_WEB2_008_003_case16.py F   [ 83%]
tests\protocols\snmp\test_TestCase_AcuRev4100_WEB2_008_003_case22.py F   [ 83%]
tests\protocols\snmp\test_TestCase_AcuRev4100_WEB2_008_003_case23.py F   [ 83%]
tests\protocols\snmp\test_TestCase_AcuRev4100_WEB2_008_003_case24.py F   [ 84%]
tests\protocols\snmp\test_TestCase_AcuRev4100_WEB2_008_003_case25.py x   [ 84%]
tests\about\general\test_TestCase_AcuHMI_009_08_case01.py x              [ 84%]
tests\about\general\test_TestCase_AcuHMI_009_08_case02.py x              [ 85%]
tests\about\general\test_TestCase_AcuHMI_009_08_case03.py x              [ 85%]
tests\about\general\test_TestCase_AcuHMI_009_08_case05.py F              [ 85%]
tests\about\general\test_TestCase_AcuHMI_009_08_case06.py F              [ 86%]
tests\about\general\test_TestCase_AcuHMI_009_08_case07.py F              [ 86%]
tests\about\general\test_TestCase_AcuHMI_009_08_case08.py F              [ 86%]
tests\about\general\test_TestCase_AcuHMI_009_08_case09.py F              [ 87%]
tests\about\general\test_TestCase_AcuHMI_009_08_case10.py F              [ 87%]
tests\about\general\test_TestCase_AcuHMI_009_08_case11.py F              [ 87%]
tests\about\general\test_TestCase_AcuHMI_009_08_case13.py s              [ 88%]
tests\compatibility\general\test_TestCase_AcuHMI_010_03_case01.py Fss    [ 89%]
tests\maintenance\eventlog\test_TestCase_AcuHMI_009_07_case02.py x       [ 89%]
tests\maintenance\eventlog\test_TestCase_AcuHMI_009_07_case02_1.py x     [ 89%]
tests\maintenance\eventlog\test_TestCase_AcuHMI_009_07_case02_2.py x     [ 90%]
tests\maintenance\eventlog\test_TestCase_AcuHMI_009_07_case04.py x       [ 90%]
tests\physicaldevices\devicedelete\test_TestCase_AcuHMI_001_01_case10.py x [ 90%]
                                                                         [ 90%]
tests\physicaldevices\devicedelete\test_TestCase_AcuHMI_001_01_case11.py x [ 90%]
                                                                         [ 90%]
tests\physicaldevices\devicedelete\test_TestCase_AcuHMI_001_01_case12.py F [ 91%]
                                                                         [ 91%]
tests\physicaldevices\general\test_TestCase_AcuHMI_001_01_case05.py F    [ 91%]
tests\physicaldevices\general\test_TestCase_AcuHMI_001_01_case06.py F    [ 91%]
tests\physicaldevices\pxb\test_TestCase_ACHMI_032_002_003.py s           [ 92%]
tests\physicaldevices\pxb\test_TestCase_ACHMI_032_002_006.py s           [ 92%]
tests\physicaldevices\pxb\test_TestCase_ACHMI_032_002_008.py s           [ 92%]
tests\physicaldevices\pxb\test_TestCase_ACHMI_032_002_009.py s           [ 93%]
tests\physicaldevices\pxb\test_TestCase_ACHMI_032_002_010.py s           [ 93%]
tests\physicaldevices\pxb\test_TestCase_ACHMI_032_002_011.py s           [ 93%]
tests\physicaldevices\pxb\test_TestCase_ACHMI_032_002_012.py s           [ 94%]
tests\physicaldevices\pxb\test_TestCase_ACHMI_032_002_013.py s           [ 94%]
tests\physicaldevices\pxb\test_TestCase_ACHMI_032_002_014.py s           [ 94%]
tests\physicaldevices\pxb\test_TestCase_ACHMI_032_002_015.py s           [ 95%]
tests\physicaldevices\pxm350\test_TestCase_AcuHMI_001_07_case04.py s     [ 95%]
tests\physicaldevices\pxm350\test_TestCase_AcuHMI_001_07_case06.py s     [ 95%]
tests\physicaldevices\pxm350\test_TestCase_AcuHMI_001_07_case08.py s     [ 96%]
tests\security\general\test_TestCase_AcuHMI_010_04_case01.py s           [ 96%]
tests\security\general\test_TestCase_AcuHMI_010_04_case05.py x           [ 96%]
tests\security\general\test_TestCase_AcuHMI_010_04_case06.py x           [ 97%]
tests\security\general\test_TestCase_AcuHMI_010_04_case07.py .           [ 97%]
tests\security\general\test_TestCase_AcuHMI_010_04_case08.py F           [ 97%]
tests\security\general\test_TestCase_AcuHMI_010_04_case09.py .           [ 98%]
tests\ui\general\test_TestCase_AcuHMI_010_07_case04.py x                 [ 98%]
tests\webdevices\general\test_WebDevice_add_max_limit.py s               [ 98%]
tests\webdevices\general\test_WebDevice_create_max_boundary.py x         [ 99%]
tests\webdevices\general\test_WebDevice_create_min_input.py x            [ 99%]
tests\webdevices\general\test_WebDevice_sn_uniqueness.py x               [ 99%]
tests\webdevices\general\test_WebDevice_validation_length_special.py F   [100%]

================================== FAILURES ===================================
________________ test_TestCase_AcuHMI_003_07_case01[chromium] _________________
tests\datalog\general\test_TestCase_AcuHMI_003_07_case01.py:71: in test_TestCase_AcuHMI_003_07_case01
    page.get_by_role("button", name="Download").click()
C:\Users\ZanHu\AppData\Local\Programs\Python\Python311\Lib\site-packages\playwright\sync_api\_generated.py:16196: in click
    self._sync(
C:\Users\ZanHu\AppData\Local\Programs\Python\Python311\Lib\site-packages\playwright\_impl\_locator.py:162: in click
    return await self._frame._click(self._selector, strict=True, **params)
C:\Users\ZanHu\AppData\Local\Programs\Python\Python311\Lib\site-packages\playwright\_impl\_frame.py:566: in _click
    await self._channel.send("click", self._timeout, locals_to_params(locals()))
C:\Users\ZanHu\AppData\Local\Programs\Python\Python311\Lib\site-packages\playwright\_impl\_connection.py:69: in send
    return await self._connection.wrap_api_call(
C:\Users\ZanHu\AppData\Local\Programs\Python\Python311\Lib\site-packages\playwright\_impl\_connection.py:559: in wrap_api_call
    raise rewrite_error(error, f"{parsed_st['apiName']}: {error}") from None
E   playwright._impl._errors.TimeoutError: Locator.click: Timeout 30000ms exceeded.
E   Call log:
E     - waiting for get_by_role("button", name="Download")
E       - locator resolved to <button disabled type="button" data-v-ae666030="" aria-disabled="true" class="el-button el-button--primary el-button--default is-disabled el-tooltip__trigger">…</button>
E     - attempting click action
E       2 × waiting for element to be visible, enabled and stable
E         - element is not enabled
E       - retrying click action
E       - waiting 20ms
E       2 × waiting for element to be visible, enabled and stable
E         - element is not enabled
E       - retrying click action
E         - waiting 100ms
E       58 × waiting for element to be visible, enabled and stable
E          - element is not enabled
E        - retrying click action
E          - waiting 500ms
________________ test_TestCase_AcuHMI_003_07_case04[chromium] _________________
tests\datalog\general\test_TestCase_AcuHMI_003_07_case04.py:63: in test_TestCase_AcuHMI_003_07_case04
    page.get_by_role("button", name="delete", exact=False).click()
C:\Users\ZanHu\AppData\Local\Programs\Python\Python311\Lib\site-packages\playwright\sync_api\_generated.py:16196: in click
    self._sync(
C:\Users\ZanHu\AppData\Local\Programs\Python\Python311\Lib\site-packages\playwright\_impl\_locator.py:162: in click
    return await self._frame._click(self._selector, strict=True, **params)
C:\Users\ZanHu\AppData\Local\Programs\Python\Python311\Lib\site-packages\playwright\_impl\_frame.py:566: in _click
    await self._channel.send("click", self._timeout, locals_to_params(locals()))
C:\Users\ZanHu\AppData\Local\Programs\Python\Python311\Lib\site-packages\playwright\_impl\_connection.py:69: in send
    return await self._connection.wrap_api_call(
C:\Users\ZanHu\AppData\Local\Programs\Python\Python311\Lib\site-packages\playwright\_impl\_connection.py:559: in wrap_api_call
    raise rewrite_error(error, f"{parsed_st['apiName']}: {error}") from None
E   playwright._impl._errors.TimeoutError: Locator.click: Timeout 30000ms exceeded.
E   Call log:
E     - waiting for get_by_role("button", name="delete")
E       - locator resolved to <button disabled type="button" data-v-ae666030="" aria-disabled="true" class="el-button el-button--primary el-button--default is-disabled el-tooltip__trigger">…</button>
E     - attempting click action
E       2 × waiting for element to be visible, enabled and stable
E         - element is not enabled
E       - retrying click action
E       - waiting 20ms
E       2 × waiting for element to be visible, enabled and stable
E         - element is not enabled
E       - retrying click action
E         - waiting 100ms
E       58 × waiting for element to be visible, enabled and stable
E          - element is not enabled
E        - retrying click action
E          - waiting 500ms
________________ test_TestCase_AcuHMI_003_05_case03[chromium] _________________
tests\datalog\postchannel\test_TestCase_AcuHMI_003_05_case03.py:59: in test_TestCase_AcuHMI_003_05_case03
    expect(page.locator(".el-message")).to_be_visible(timeout=5000)
E   AssertionError: Locator expected to be visible
E   Actual value: None
E   Error: element(s) not found 
E   Call log:
E     - Expect "to_be_visible" with timeout 5000ms
E     - waiting for locator(".el-message")
________________ test_TestCase_AcuHMI_003_05_case05[chromium] _________________
tests\datalog\postchannel\test_TestCase_AcuHMI_003_05_case05.py:59: in test_TestCase_AcuHMI_003_05_case05
    expect(page.locator(".el-message")).to_be_visible(timeout=5000)
E   AssertionError: Locator expected to be visible
E   Actual value: None
E   Error: element(s) not found 
E   Call log:
E     - Expect "to_be_visible" with timeout 5000ms
E     - waiting for locator(".el-message")
________________ test_TestCase_AcuHMI_003_05_case08[chromium] _________________
tests\datalog\postchannel\test_TestCase_AcuHMI_003_05_case08.py:59: in test_TestCase_AcuHMI_003_05_case08
    expect(page.locator(".el-message")).to_be_visible(timeout=5000)
E   AssertionError: Locator expected to be visible
E   Actual value: None
E   Error: element(s) not found 
E   Call log:
E     - Expect "to_be_visible" with timeout 5000ms
E     - waiting for locator(".el-message")
________________ test_TestCase_AcuHMI_003_05_case11[chromium] _________________
tests\datalog\postchannel\test_TestCase_AcuHMI_003_05_case11.py:59: in test_TestCase_AcuHMI_003_05_case11
    expect(page.locator(".el-message")).to_be_visible(timeout=5000)
E   AssertionError: Locator expected to be visible
E   Actual value: None
E   Error: element(s) not found 
E   Call log:
E     - Expect "to_be_visible" with timeout 5000ms
E     - waiting for locator(".el-message")
________________ test_TestCase_AcuHMI_003_05_case17[chromium] _________________
tests\datalog\postchannel\test_TestCase_AcuHMI_003_05_case17.py:59: in test_TestCase_AcuHMI_003_05_case17
    expect(page.locator(".el-message")).to_be_visible(timeout=5000)
E   AssertionError: Locator expected to be visible
E   Actual value: None
E   Error: element(s) not found 
E   Call log:
E     - Expect "to_be_visible" with timeout 5000ms
E     - waiting for locator(".el-message")
________________ test_TestCase_AcuHMI_005_01_case02[chromium] _________________
tests\systemsettings\general\test_TestCase_AcuHMI_005_01_case02.py:25: in test_TestCase_AcuHMI_005_01_case02
    login_page.open()
pages\login_page.py:14: in open
    self.navigate(self.url)
pages\base_page.py:11: in navigate
    self.page.goto(url, timeout=self.timeout)
C:\Users\ZanHu\AppData\Local\Programs\Python\Python311\Lib\site-packages\playwright\sync_api\_generated.py:9362: in goto
    self._sync(
C:\Users\ZanHu\AppData\Local\Programs\Python\Python311\Lib\site-packages\playwright\_impl\_page.py:552: in goto
    return await self._main_frame.goto(**locals_to_params(locals()))
C:\Users\ZanHu\AppData\Local\Programs\Python\Python311\Lib\site-packages\playwright\_impl\_frame.py:153: in goto
    await self._channel.send(
C:\Users\ZanHu\AppData\Local\Programs\Python\Python311\Lib\site-packages\playwright\_impl\_connection.py:69: in send
    return await self._connection.wrap_api_call(
C:\Users\ZanHu\AppData\Local\Programs\Python\Python311\Lib\site-packages\playwright\_impl\_connection.py:559: in wrap_api_call
    raise rewrite_error(error, f"{parsed_st['apiName']}: {error}") from None
E   playwright._impl._errors.Error: Page.goto: net::ERR_CONNECTION_TIMED_OUT at https://192.168.2.158/#/login
E   Call log:
E     - navigating to "https://192.168.2.158/#/login", waiting until "load"
________________ test_TestCase_AcuHMI_005_01_case05[chromium] _________________
tests\systemsettings\general\test_TestCase_AcuHMI_005_01_case05.py:27: in test_TestCase_AcuHMI_005_01_case05
    login_page.open()
pages\login_page.py:14: in open
    self.navigate(self.url)
pages\base_page.py:11: in navigate
    self.page.goto(url, timeout=self.timeout)
C:\Users\ZanHu\AppData\Local\Programs\Python\Python311\Lib\site-packages\playwright\sync_api\_generated.py:9362: in goto
    self._sync(
C:\Users\ZanHu\AppData\Local\Programs\Python\Python311\Lib\site-packages\playwright\_impl\_page.py:552: in goto
    return await self._main_frame.goto(**locals_to_params(locals()))
C:\Users\ZanHu\AppData\Local\Programs\Python\Python311\Lib\site-packages\playwright\_impl\_frame.py:153: in goto
    await self._channel.send(
C:\Users\ZanHu\AppData\Local\Programs\Python\Python311\Lib\site-packages\playwright\_impl\_connection.py:69: in send
    return await self._connection.wrap_api_call(
C:\Users\ZanHu\AppData\Local\Programs\Python\Python311\Lib\site-packages\playwright\_impl\_connection.py:559: in wrap_api_call
    raise rewrite_error(error, f"{parsed_st['apiName']}: {error}") from None
E   playwright._impl._errors.Error: Page.goto: net::ERR_CONNECTION_TIMED_OUT at https://192.168.2.158/#/login
E   Call log:
E     - navigating to "https://192.168.2.158/#/login", waiting until "load"
_______________ test_TestCase_AcuHMI_005_01_case05_01[chromium] _______________
tests\systemsettings\general\test_TestCase_AcuHMI_005_01_case05_01.py:25: in test_TestCase_AcuHMI_005_01_case05_01
    login_page.open()
pages\login_page.py:14: in open
    self.navigate(self.url)
pages\base_page.py:11: in navigate
    self.page.goto(url, timeout=self.timeout)
C:\Users\ZanHu\AppData\Local\Programs\Python\Python311\Lib\site-packages\playwright\sync_api\_generated.py:9362: in goto
    self._sync(
C:\Users\ZanHu\AppData\Local\Programs\Python\Python311\Lib\site-packages\playwright\_impl\_page.py:552: in goto
    return await self._main_frame.goto(**locals_to_params(locals()))
C:\Users\ZanHu\AppData\Local\Programs\Python\Python311\Lib\site-packages\playwright\_impl\_frame.py:153: in goto
    await self._channel.send(
C:\Users\ZanHu\AppData\Local\Programs\Python\Python311\Lib\site-packages\playwright\_impl\_connection.py:69: in send
    return await self._connection.wrap_api_call(
C:\Users\ZanHu\AppData\Local\Programs\Python\Python311\Lib\site-packages\playwright\_impl\_connection.py:559: in wrap_api_call
    raise rewrite_error(error, f"{parsed_st['apiName']}: {error}") from None
E   playwright._impl._errors.Error: Page.goto: net::ERR_CONNECTION_TIMED_OUT at https://192.168.2.158/#/login
E   Call log:
E     - navigating to "https://192.168.2.158/#/login", waiting until "load"
_____________ test_TestCase_AcuHMI_005_01_case05_row598[chromium] _____________
tests\systemsettings\general\test_TestCase_AcuHMI_005_01_case05_row598.py:29: in test_TestCase_AcuHMI_005_01_case05_row598
    login_page.open()
pages\login_page.py:14: in open
    self.navigate(self.url)
pages\base_page.py:11: in navigate
    self.page.goto(url, timeout=self.timeout)
C:\Users\ZanHu\AppData\Local\Programs\Python\Python311\Lib\site-packages\playwright\sync_api\_generated.py:9362: in goto
    self._sync(
C:\Users\ZanHu\AppData\Local\Programs\Python\Python311\Lib\site-packages\playwright\_impl\_page.py:552: in goto
    return await self._main_frame.goto(**locals_to_params(locals()))
C:\Users\ZanHu\AppData\Local\Programs\Python\Python311\Lib\site-packages\playwright\_impl\_frame.py:153: in goto
    await self._channel.send(
C:\Users\ZanHu\AppData\Local\Programs\Python\Python311\Lib\site-packages\playwright\_impl\_connection.py:69: in send
    return await self._connection.wrap_api_call(
C:\Users\ZanHu\AppData\Local\Programs\Python\Python311\Lib\site-packages\playwright\_impl\_connection.py:559: in wrap_api_call
    raise rewrite_error(error, f"{parsed_st['apiName']}: {error}") from None
E   playwright._impl._errors.Error: Page.goto: net::ERR_CONNECTION_TIMED_OUT at https://192.168.2.158/#/login
E   Call log:
E     - navigating to "https://192.168.2.158/#/login", waiting until "load"
_______________ test_TestCase_AcuHMI_005_02_case01_02[chromium] _______________
tests\systemsettings\general\test_TestCase_AcuHMI_005_02_case01_02.py:27: in test_TestCase_AcuHMI_005_02_case01_02
    login_page.open()
pages\login_page.py:14: in open
    self.navigate(self.url)
pages\base_page.py:11: in navigate
    self.page.goto(url, timeout=self.timeout)
C:\Users\ZanHu\AppData\Local\Programs\Python\Python311\Lib\site-packages\playwright\sync_api\_generated.py:9362: in goto
    self._sync(
C:\Users\ZanHu\AppData\Local\Programs\Python\Python311\Lib\site-packages\playwright\_impl\_page.py:552: in goto
    return await self._main_frame.goto(**locals_to_params(locals()))
C:\Users\ZanHu\AppData\Local\Programs\Python\Python311\Lib\site-packages\playwright\_impl\_frame.py:153: in goto
    await self._channel.send(
C:\Users\ZanHu\AppData\Local\Programs\Python\Python311\Lib\site-packages\playwright\_impl\_connection.py:69: in send
    return await self._connection.wrap_api_call(
C:\Users\ZanHu\AppData\Local\Programs\Python\Python311\Lib\site-packages\playwright\_impl\_connection.py:559: in wrap_api_call
    raise rewrite_error(error, f"{parsed_st['apiName']}: {error}") from None
E   playwright._impl._errors.Error: Page.goto: net::ERR_CONNECTION_TIMED_OUT at https://192.168.2.158/#/login
E   Call log:
E     - navigating to "https://192.168.2.158/#/login", waiting until "load"
_______________ test_TestCase_AcuHMI_005_02_case02_02[chromium] _______________
tests\systemsettings\general\test_TestCase_AcuHMI_005_02_case02_02.py:28: in test_TestCase_AcuHMI_005_02_case02_02
    login_page.open()
pages\login_page.py:14: in open
    self.navigate(self.url)
pages\base_page.py:11: in navigate
    self.page.goto(url, timeout=self.timeout)
C:\Users\ZanHu\AppData\Local\Programs\Python\Python311\Lib\site-packages\playwright\sync_api\_generated.py:9362: in goto
    self._sync(
C:\Users\ZanHu\AppData\Local\Programs\Python\Python311\Lib\site-packages\playwright\_impl\_page.py:552: in goto
    return await self._main_frame.goto(**locals_to_params(locals()))
C:\Users\ZanHu\AppData\Local\Programs\Python\Python311\Lib\site-packages\playwright\_impl\_frame.py:153: in goto
    await self._channel.send(
C:\Users\ZanHu\AppData\Local\Programs\Python\Python311\Lib\site-packages\playwright\_impl\_connection.py:69: in send
    return await self._connection.wrap_api_call(
C:\Users\ZanHu\AppData\Local\Programs\Python\Python311\Lib\site-packages\playwright\_impl\_connection.py:559: in wrap_api_call
    raise rewrite_error(error, f"{parsed_st['apiName']}: {error}") from None
E   playwright._impl._errors.Error: Page.goto: net::ERR_CONNECTION_TIMED_OUT at https://192.168.2.158/#/login
E   Call log:
E     - navigating to "https://192.168.2.158/#/login", waiting until "load"
________________ test_TestCase_AcuHMI_005_04_case04[chromium] _________________
tests\systemsettings\general\test_TestCase_AcuHMI_005_04_case04.py:41: in test_TestCase_AcuHMI_005_04_case04
    login_page.open()
pages\login_page.py:14: in open
    self.navigate(self.url)
pages\base_page.py:11: in navigate
    self.page.goto(url, timeout=self.timeout)
C:\Users\ZanHu\AppData\Local\Programs\Python\Python311\Lib\site-packages\playwright\sync_api\_generated.py:9362: in goto
    self._sync(
C:\Users\ZanHu\AppData\Local\Programs\Python\Python311\Lib\site-packages\playwright\_impl\_page.py:552: in goto
    return await self._main_frame.goto(**locals_to_params(locals()))
C:\Users\ZanHu\AppData\Local\Programs\Python\Python311\Lib\site-packages\playwright\_impl\_frame.py:153: in goto
    await self._channel.send(
C:\Users\ZanHu\AppData\Local\Programs\Python\Python311\Lib\site-packages\playwright\_impl\_connection.py:69: in send
    return await self._connection.wrap_api_call(
C:\Users\ZanHu\AppData\Local\Programs\Python\Python311\Lib\site-packages\playwright\_impl\_connection.py:559: in wrap_api_call
    raise rewrite_error(error, f"{parsed_st['apiName']}: {error}") from None
E   playwright._impl._errors.Error: Page.goto: net::ERR_CONNECTION_TIMED_OUT at https://192.168.2.158/#/login
E   Call log:
E     - navigating to "https://192.168.2.158/#/login", waiting until "load"
_______________ test_TestCase_AcuHMI_005_04_case04_1[chromium] ________________
tests\systemsettings\general\test_TestCase_AcuHMI_005_04_case04_1.py:41: in test_TestCase_AcuHMI_005_04_case04_1
    login_page.open()
pages\login_page.py:14: in open
    self.navigate(self.url)
pages\base_page.py:11: in navigate
    self.page.goto(url, timeout=self.timeout)
C:\Users\ZanHu\AppData\Local\Programs\Python\Python311\Lib\site-packages\playwright\sync_api\_generated.py:9362: in goto
    self._sync(
C:\Users\ZanHu\AppData\Local\Programs\Python\Python311\Lib\site-packages\playwright\_impl\_page.py:552: in goto
    return await self._main_frame.goto(**locals_to_params(locals()))
C:\Users\ZanHu\AppData\Local\Programs\Python\Python311\Lib\site-packages\playwright\_impl\_frame.py:153: in goto
    await self._channel.send(
C:\Users\ZanHu\AppData\Local\Programs\Python\Python311\Lib\site-packages\playwright\_impl\_connection.py:69: in send
    return await self._connection.wrap_api_call(
C:\Users\ZanHu\AppData\Local\Programs\Python\Python311\Lib\site-packages\playwright\_impl\_connection.py:559: in wrap_api_call
    raise rewrite_error(error, f"{parsed_st['apiName']}: {error}") from None
E   playwright._impl._errors.Error: Page.goto: net::ERR_CONNECTION_TIMED_OUT at https://192.168.2.158/#/login
E   Call log:
E     - navigating to "https://192.168.2.158/#/login", waiting until "load"
_______________ test_TestCase_AcuHMI_005_04_case04_10[chromium] _______________
tests\systemsettings\general\test_TestCase_AcuHMI_005_04_case04_10.py:27: in test_TestCase_AcuHMI_005_04_case04_10
    login_page.open()
pages\login_page.py:14: in open
    self.navigate(self.url)
pages\base_page.py:11: in navigate
    self.page.goto(url, timeout=self.timeout)
C:\Users\ZanHu\AppData\Local\Programs\Python\Python311\Lib\site-packages\playwright\sync_api\_generated.py:9362: in goto
    self._sync(
C:\Users\ZanHu\AppData\Local\Programs\Python\Python311\Lib\site-packages\playwright\_impl\_page.py:552: in goto
    return await self._main_frame.goto(**locals_to_params(locals()))
C:\Users\ZanHu\AppData\Local\Programs\Python\Python311\Lib\site-packages\playwright\_impl\_frame.py:153: in goto
    await self._channel.send(
C:\Users\ZanHu\AppData\Local\Programs\Python\Python311\Lib\site-packages\playwright\_impl\_connection.py:69: in send
    return await self._connection.wrap_api_call(
C:\Users\ZanHu\AppData\Local\Programs\Python\Python311\Lib\site-packages\playwright\_impl\_connection.py:559: in wrap_api_call
    raise rewrite_error(error, f"{parsed_st['apiName']}: {error}") from None
E   playwright._impl._errors.Error: Page.goto: net::ERR_CONNECTION_TIMED_OUT at https://192.168.2.158/#/login
E   Call log:
E     - navigating to "https://192.168.2.158/#/login", waiting until "load"
_______________ test_TestCase_AcuHMI_005_04_case04_2[chromium] ________________
tests\systemsettings\general\test_TestCase_AcuHMI_005_04_case04_2.py:41: in test_TestCase_AcuHMI_005_04_case04_2
    login_page.open()
pages\login_page.py:14: in open
    self.navigate(self.url)
pages\base_page.py:11: in navigate
    self.page.goto(url, timeout=self.timeout)
C:\Users\ZanHu\AppData\Local\Programs\Python\Python311\Lib\site-packages\playwright\sync_api\_generated.py:9362: in goto
    self._sync(
C:\Users\ZanHu\AppData\Local\Programs\Python\Python311\Lib\site-packages\playwright\_impl\_page.py:552: in goto
    return await self._main_frame.goto(**locals_to_params(locals()))
C:\Users\ZanHu\AppData\Local\Programs\Python\Python311\Lib\site-packages\playwright\_impl\_frame.py:153: in goto
    await self._channel.send(
C:\Users\ZanHu\AppData\Local\Programs\Python\Python311\Lib\site-packages\playwright\_impl\_connection.py:69: in send
    return await self._connection.wrap_api_call(
C:\Users\ZanHu\AppData\Local\Programs\Python\Python311\Lib\site-packages\playwright\_impl\_connection.py:559: in wrap_api_call
    raise rewrite_error(error, f"{parsed_st['apiName']}: {error}") from None
E   playwright._impl._errors.Error: Page.goto: net::ERR_CONNECTION_TIMED_OUT at https://192.168.2.158/#/login
E   Call log:
E     - navigating to "https://192.168.2.158/#/login", waiting until "load"
_______________ test_TestCase_AcuHMI_005_04_case04_3[chromium] ________________
tests\systemsettings\general\test_TestCase_AcuHMI_005_04_case04_3.py:36: in test_TestCase_AcuHMI_005_04_case04_3
    login_page.open()
pages\login_page.py:14: in open
    self.navigate(self.url)
pages\base_page.py:11: in navigate
    self.page.goto(url, timeout=self.timeout)
C:\Users\ZanHu\AppData\Local\Programs\Python\Python311\Lib\site-packages\playwright\sync_api\_generated.py:9362: in goto
    self._sync(
C:\Users\ZanHu\AppData\Local\Programs\Python\Python311\Lib\site-packages\playwright\_impl\_page.py:552: in goto
    return await self._main_frame.goto(**locals_to_params(locals()))
C:\Users\ZanHu\AppData\Local\Programs\Python\Python311\Lib\site-packages\playwright\_impl\_frame.py:153: in goto
    await self._channel.send(
C:\Users\ZanHu\AppData\Local\Programs\Python\Python311\Lib\site-packages\playwright\_impl\_connection.py:69: in send
    return await self._connection.wrap_api_call(
C:\Users\ZanHu\AppData\Local\Programs\Python\Python311\Lib\site-packages\playwright\_impl\_connection.py:559: in wrap_api_call
    raise rewrite_error(error, f"{parsed_st['apiName']}: {error}") from None
E   playwright._impl._errors.Error: Page.goto: net::ERR_CONNECTION_TIMED_OUT at https://192.168.2.158/#/login
E   Call log:
E     - navigating to "https://192.168.2.158/#/login", waiting until "load"
_______________ test_TestCase_AcuHMI_005_04_case04_4[chromium] ________________
tests\systemsettings\general\test_TestCase_AcuHMI_005_04_case04_4.py:27: in test_TestCase_AcuHMI_005_04_case04_4
    login_page.open()
pages\login_page.py:14: in open
    self.navigate(self.url)
pages\base_page.py:11: in navigate
    self.page.goto(url, timeout=self.timeout)
C:\Users\ZanHu\AppData\Local\Programs\Python\Python311\Lib\site-packages\playwright\sync_api\_generated.py:9362: in goto
    self._sync(
C:\Users\ZanHu\AppData\Local\Programs\Python\Python311\Lib\site-packages\playwright\_impl\_page.py:552: in goto
    return await self._main_frame.goto(**locals_to_params(locals()))
C:\Users\ZanHu\AppData\Local\Programs\Python\Python311\Lib\site-packages\playwright\_impl\_frame.py:153: in goto
    await self._channel.send(
C:\Users\ZanHu\AppData\Local\Programs\Python\Python311\Lib\site-packages\playwright\_impl\_connection.py:69: in send
    return await self._connection.wrap_api_call(
C:\Users\ZanHu\AppData\Local\Programs\Python\Python311\Lib\site-packages\playwright\_impl\_connection.py:559: in wrap_api_call
    raise rewrite_error(error, f"{parsed_st['apiName']}: {error}") from None
E   playwright._impl._errors.Error: Page.goto: net::ERR_CONNECTION_TIMED_OUT at https://192.168.2.158/#/login
E   Call log:
E     - navigating to "https://192.168.2.158/#/login", waiting until "load"
_______________ test_TestCase_AcuHMI_005_04_case04_5[chromium] ________________
tests\systemsettings\general\test_TestCase_AcuHMI_005_04_case04_5.py:27: in test_TestCase_AcuHMI_005_04_case04_5
    login_page.open()
pages\login_page.py:14: in open
    self.navigate(self.url)
pages\base_page.py:11: in navigate
    self.page.goto(url, timeout=self.timeout)
C:\Users\ZanHu\AppData\Local\Programs\Python\Python311\Lib\site-packages\playwright\sync_api\_generated.py:9362: in goto
    self._sync(
C:\Users\ZanHu\AppData\Local\Programs\Python\Python311\Lib\site-packages\playwright\_impl\_page.py:552: in goto
    return await self._main_frame.goto(**locals_to_params(locals()))
C:\Users\ZanHu\AppData\Local\Programs\Python\Python311\Lib\site-packages\playwright\_impl\_frame.py:153: in goto
    await self._channel.send(
C:\Users\ZanHu\AppData\Local\Programs\Python\Python311\Lib\site-packages\playwright\_impl\_connection.py:69: in send
    return await self._connection.wrap_api_call(
C:\Users\ZanHu\AppData\Local\Programs\Python\Python311\Lib\site-packages\playwright\_impl\_connection.py:559: in wrap_api_call
    raise rewrite_error(error, f"{parsed_st['apiName']}: {error}") from None
E   playwright._impl._errors.Error: Page.goto: net::ERR_CONNECTION_TIMED_OUT at https://192.168.2.158/#/login
E   Call log:
E     - navigating to "https://192.168.2.158/#/login", waiting until "load"
_______________ test_TestCase_AcuHMI_005_04_case04_6[chromium] ________________
tests\systemsettings\general\test_TestCase_AcuHMI_005_04_case04_6.py:27: in test_TestCase_AcuHMI_005_04_case04_6
    login_page.open()
pages\login_page.py:14: in open
    self.navigate(self.url)
pages\base_page.py:11: in navigate
    self.page.goto(url, timeout=self.timeout)
C:\Users\ZanHu\AppData\Local\Programs\Python\Python311\Lib\site-packages\playwright\sync_api\_generated.py:9362: in goto
    self._sync(
C:\Users\ZanHu\AppData\Local\Programs\Python\Python311\Lib\site-packages\playwright\_impl\_page.py:552: in goto
    return await self._main_frame.goto(**locals_to_params(locals()))
C:\Users\ZanHu\AppData\Local\Programs\Python\Python311\Lib\site-packages\playwright\_impl\_frame.py:153: in goto
    await self._channel.send(
C:\Users\ZanHu\AppData\Local\Programs\Python\Python311\Lib\site-packages\playwright\_impl\_connection.py:69: in send
    return await self._connection.wrap_api_call(
C:\Users\ZanHu\AppData\Local\Programs\Python\Python311\Lib\site-packages\playwright\_impl\_connection.py:559: in wrap_api_call
    raise rewrite_error(error, f"{parsed_st['apiName']}: {error}") from None
E   playwright._impl._errors.Error: Page.goto: net::ERR_CONNECTION_TIMED_OUT at https://192.168.2.158/#/login
E   Call log:
E     - navigating to "https://192.168.2.158/#/login", waiting until "load"
_______________ test_TestCase_AcuHMI_005_04_case04_7[chromium] ________________
tests\systemsettings\general\test_TestCase_AcuHMI_005_04_case04_7.py:36: in test_TestCase_AcuHMI_005_04_case04_7
    login_page.open()
pages\login_page.py:14: in open
    self.navigate(self.url)
pages\base_page.py:11: in navigate
    self.page.goto(url, timeout=self.timeout)
C:\Users\ZanHu\AppData\Local\Programs\Python\Python311\Lib\site-packages\playwright\sync_api\_generated.py:9362: in goto
    self._sync(
C:\Users\ZanHu\AppData\Local\Programs\Python\Python311\Lib\site-packages\playwright\_impl\_page.py:552: in goto
    return await self._main_frame.goto(**locals_to_params(locals()))
C:\Users\ZanHu\AppData\Local\Programs\Python\Python311\Lib\site-packages\playwright\_impl\_frame.py:153: in goto
    await self._channel.send(
C:\Users\ZanHu\AppData\Local\Programs\Python\Python311\Lib\site-packages\playwright\_impl\_connection.py:69: in send
    return await self._connection.wrap_api_call(
C:\Users\ZanHu\AppData\Local\Programs\Python\Python311\Lib\site-packages\playwright\_impl\_connection.py:559: in wrap_api_call
    raise rewrite_error(error, f"{parsed_st['apiName']}: {error}") from None
E   playwright._impl._errors.Error: Page.goto: net::ERR_CONNECTION_TIMED_OUT at https://192.168.2.158/#/login
E   Call log:
E     - navigating to "https://192.168.2.158/#/login", waiting until "load"
_______________ test_TestCase_AcuHMI_005_04_case04_8[chromium] ________________
tests\systemsettings\general\test_TestCase_AcuHMI_005_04_case04_8.py:36: in test_TestCase_AcuHMI_005_04_case04_8
    login_page.open()
pages\login_page.py:14: in open
    self.navigate(self.url)
pages\base_page.py:11: in navigate
    self.page.goto(url, timeout=self.timeout)
C:\Users\ZanHu\AppData\Local\Programs\Python\Python311\Lib\site-packages\playwright\sync_api\_generated.py:9362: in goto
    self._sync(
C:\Users\ZanHu\AppData\Local\Programs\Python\Python311\Lib\site-packages\playwright\_impl\_page.py:552: in goto
    return await self._main_frame.goto(**locals_to_params(locals()))
C:\Users\ZanHu\AppData\Local\Programs\Python\Python311\Lib\site-packages\playwright\_impl\_frame.py:153: in goto
    await self._channel.send(
C:\Users\ZanHu\AppData\Local\Programs\Python\Python311\Lib\site-packages\playwright\_impl\_connection.py:69: in send
    return await self._connection.wrap_api_call(
C:\Users\ZanHu\AppData\Local\Programs\Python\Python311\Lib\site-packages\playwright\_impl\_connection.py:559: in wrap_api_call
    raise rewrite_error(error, f"{parsed_st['apiName']}: {error}") from None
E   playwright._impl._errors.Error: Page.goto: net::ERR_CONNECTION_TIMED_OUT at https://192.168.2.158/#/login
E   Call log:
E     - navigating to "https://192.168.2.158/#/login", waiting until "load"
_______________ test_TestCase_AcuHMI_005_04_case04_9[chromium] ________________
tests\systemsettings\general\test_TestCase_AcuHMI_005_04_case04_9.py:27: in test_TestCase_AcuHMI_005_04_case04_9
    login_page.open()
pages\login_page.py:14: in open
    self.navigate(self.url)
pages\base_page.py:11: in navigate
    self.page.goto(url, timeout=self.timeout)
C:\Users\ZanHu\AppData\Local\Programs\Python\Python311\Lib\site-packages\playwright\sync_api\_generated.py:9362: in goto
    self._sync(
C:\Users\ZanHu\AppData\Local\Programs\Python\Python311\Lib\site-packages\playwright\_impl\_page.py:552: in goto
    return await self._main_frame.goto(**locals_to_params(locals()))
C:\Users\ZanHu\AppData\Local\Programs\Python\Python311\Lib\site-packages\playwright\_impl\_frame.py:153: in goto
    await self._channel.send(
C:\Users\ZanHu\AppData\Local\Programs\Python\Python311\Lib\site-packages\playwright\_impl\_connection.py:69: in send
    return await self._connection.wrap_api_call(
C:\Users\ZanHu\AppData\Local\Programs\Python\Python311\Lib\site-packages\playwright\_impl\_connection.py:559: in wrap_api_call
    raise rewrite_error(error, f"{parsed_st['apiName']}: {error}") from None
E   playwright._impl._errors.Error: Page.goto: net::ERR_CONNECTION_TIMED_OUT at https://192.168.2.158/#/login
E   Call log:
E     - navigating to "https://192.168.2.158/#/login", waiting until "load"
________________ test_TestCase_AcuHMI_005_04_case05[chromium] _________________
tests\systemsettings\general\test_TestCase_AcuHMI_005_04_case05.py:41: in test_TestCase_AcuHMI_005_04_case05
    login_page.open()
pages\login_page.py:14: in open
    self.navigate(self.url)
pages\base_page.py:11: in navigate
    self.page.goto(url, timeout=self.timeout)
C:\Users\ZanHu\AppData\Local\Programs\Python\Python311\Lib\site-packages\playwright\sync_api\_generated.py:9362: in goto
    self._sync(
C:\Users\ZanHu\AppData\Local\Programs\Python\Python311\Lib\site-packages\playwright\_impl\_page.py:552: in goto
    return await self._main_frame.goto(**locals_to_params(locals()))
C:\Users\ZanHu\AppData\Local\Programs\Python\Python311\Lib\site-packages\playwright\_impl\_frame.py:153: in goto
    await self._channel.send(
C:\Users\ZanHu\AppData\Local\Programs\Python\Python311\Lib\site-packages\playwright\_impl\_connection.py:69: in send
    return await self._connection.wrap_api_call(
C:\Users\ZanHu\AppData\Local\Programs\Python\Python311\Lib\site-packages\playwright\_impl\_connection.py:559: in wrap_api_call
    raise rewrite_error(error, f"{parsed_st['apiName']}: {error}") from None
E   playwright._impl._errors.Error: Page.goto: net::ERR_CONNECTION_TIMED_OUT at https://192.168.2.158/#/login
E   Call log:
E     - navigating to "https://192.168.2.158/#/login", waiting until "load"
_______________ test_TestCase_AcuHMI_005_04_case05_1[chromium] ________________
tests\systemsettings\general\test_TestCase_AcuHMI_005_04_case05_1.py:41: in test_TestCase_AcuHMI_005_04_case05_1
    login_page.open()
pages\login_page.py:14: in open
    self.navigate(self.url)
pages\base_page.py:11: in navigate
    self.page.goto(url, timeout=self.timeout)
C:\Users\ZanHu\AppData\Local\Programs\Python\Python311\Lib\site-packages\playwright\sync_api\_generated.py:9362: in goto
    self._sync(
C:\Users\ZanHu\AppData\Local\Programs\Python\Python311\Lib\site-packages\playwright\_impl\_page.py:552: in goto
    return await self._main_frame.goto(**locals_to_params(locals()))
C:\Users\ZanHu\AppData\Local\Programs\Python\Python311\Lib\site-packages\playwright\_impl\_frame.py:153: in goto
    await self._channel.send(
C:\Users\ZanHu\AppData\Local\Programs\Python\Python311\Lib\site-packages\playwright\_impl\_connection.py:69: in send
    return await self._connection.wrap_api_call(
C:\Users\ZanHu\AppData\Local\Programs\Python\Python311\Lib\site-packages\playwright\_impl\_connection.py:559: in wrap_api_call
    raise rewrite_error(error, f"{parsed_st['apiName']}: {error}") from None
E   playwright._impl._errors.Error: Page.goto: net::ERR_CONNECTION_TIMED_OUT at https://192.168.2.158/#/login
E   Call log:
E     - navigating to "https://192.168.2.158/#/login", waiting until "load"
_______________ test_TestCase_AcuHMI_005_04_case05_10[chromium] _______________
tests\systemsettings\general\test_TestCase_AcuHMI_005_04_case05_10.py:41: in test_TestCase_AcuHMI_005_04_case05_10
    login_page.open()
pages\login_page.py:14: in open
    self.navigate(self.url)
pages\base_page.py:11: in navigate
    self.page.goto(url, timeout=self.timeout)
C:\Users\ZanHu\AppData\Local\Programs\Python\Python311\Lib\site-packages\playwright\sync_api\_generated.py:9362: in goto
    self._sync(
C:\Users\ZanHu\AppData\Local\Programs\Python\Python311\Lib\site-packages\playwright\_impl\_page.py:552: in goto
    return await self._main_frame.goto(**locals_to_params(locals()))
C:\Users\ZanHu\AppData\Local\Programs\Python\Python311\Lib\site-packages\playwright\_impl\_frame.py:153: in goto
    await self._channel.send(
C:\Users\ZanHu\AppData\Local\Programs\Python\Python311\Lib\site-packages\playwright\_impl\_connection.py:69: in send
    return await self._connection.wrap_api_call(
C:\Users\ZanHu\AppData\Local\Programs\Python\Python311\Lib\site-packages\playwright\_impl\_connection.py:559: in wrap_api_call
    raise rewrite_error(error, f"{parsed_st['apiName']}: {error}") from None
E   playwright._impl._errors.Error: Page.goto: net::ERR_CONNECTION_TIMED_OUT at https://192.168.2.158/#/login
E   Call log:
E     - navigating to "https://192.168.2.158/#/login", waiting until "load"
_______________ test_TestCase_AcuHMI_005_04_case05_2[chromium] ________________
tests\systemsettings\general\test_TestCase_AcuHMI_005_04_case05_2.py:41: in test_TestCase_AcuHMI_005_04_case05_2
    login_page.open()
pages\login_page.py:14: in open
    self.navigate(self.url)
pages\base_page.py:11: in navigate
    self.page.goto(url, timeout=self.timeout)
C:\Users\ZanHu\AppData\Local\Programs\Python\Python311\Lib\site-packages\playwright\sync_api\_generated.py:9362: in goto
    self._sync(
C:\Users\ZanHu\AppData\Local\Programs\Python\Python311\Lib\site-packages\playwright\_impl\_page.py:552: in goto
    return await self._main_frame.goto(**locals_to_params(locals()))
C:\Users\ZanHu\AppData\Local\Programs\Python\Python311\Lib\site-packages\playwright\_impl\_frame.py:153: in goto
    await self._channel.send(
C:\Users\ZanHu\AppData\Local\Programs\Python\Python311\Lib\site-packages\playwright\_impl\_connection.py:69: in send
    return await self._connection.wrap_api_call(
C:\Users\ZanHu\AppData\Local\Programs\Python\Python311\Lib\site-packages\playwright\_impl\_connection.py:559: in wrap_api_call
    raise rewrite_error(error, f"{parsed_st['apiName']}: {error}") from None
E   playwright._impl._errors.Error: Page.goto: net::ERR_CONNECTION_TIMED_OUT at https://192.168.2.158/#/login
E   Call log:
E     - navigating to "https://192.168.2.158/#/login", waiting until "load"
_______________ test_TestCase_AcuHMI_005_04_case05_3[chromium] ________________
tests\systemsettings\general\test_TestCase_AcuHMI_005_04_case05_3.py:41: in test_TestCase_AcuHMI_005_04_case05_3
    login_page.open()
pages\login_page.py:14: in open
    self.navigate(self.url)
pages\base_page.py:11: in navigate
    self.page.goto(url, timeout=self.timeout)
C:\Users\ZanHu\AppData\Local\Programs\Python\Python311\Lib\site-packages\playwright\sync_api\_generated.py:9362: in goto
    self._sync(
C:\Users\ZanHu\AppData\Local\Programs\Python\Python311\Lib\site-packages\playwright\_impl\_page.py:552: in goto
    return await self._main_frame.goto(**locals_to_params(locals()))
C:\Users\ZanHu\AppData\Local\Programs\Python\Python311\Lib\site-packages\playwright\_impl\_frame.py:153: in goto
    await self._channel.send(
C:\Users\ZanHu\AppData\Local\Programs\Python\Python311\Lib\site-packages\playwright\_impl\_connection.py:69: in send
    return await self._connection.wrap_api_call(
C:\Users\ZanHu\AppData\Local\Programs\Python\Python311\Lib\site-packages\playwright\_impl\_connection.py:559: in wrap_api_call
    raise rewrite_error(error, f"{parsed_st['apiName']}: {error}") from None
E   playwright._impl._errors.Error: Page.goto: net::ERR_CONNECTION_TIMED_OUT at https://192.168.2.158/#/login
E   Call log:
E     - navigating to "https://192.168.2.158/#/login", waiting until "load"
_______________ test_TestCase_AcuHMI_005_04_case05_4[chromium] ________________
tests\systemsettings\general\test_TestCase_AcuHMI_005_04_case05_4.py:41: in test_TestCase_AcuHMI_005_04_case05_4
    login_page.open()
pages\login_page.py:14: in open
    self.navigate(self.url)
pages\base_page.py:11: in navigate
    self.page.goto(url, timeout=self.timeout)
C:\Users\ZanHu\AppData\Local\Programs\Python\Python311\Lib\site-packages\playwright\sync_api\_generated.py:9362: in goto
    self._sync(
C:\Users\ZanHu\AppData\Local\Programs\Python\Python311\Lib\site-packages\playwright\_impl\_page.py:552: in goto
    return await self._main_frame.goto(**locals_to_params(locals()))
C:\Users\ZanHu\AppData\Local\Programs\Python\Python311\Lib\site-packages\playwright\_impl\_frame.py:153: in goto
    await self._channel.send(
C:\Users\ZanHu\AppData\Local\Programs\Python\Python311\Lib\site-packages\playwright\_impl\_connection.py:69: in send
    return await self._connection.wrap_api_call(
C:\Users\ZanHu\AppData\Local\Programs\Python\Python311\Lib\site-packages\playwright\_impl\_connection.py:559: in wrap_api_call
    raise rewrite_error(error, f"{parsed_st['apiName']}: {error}") from None
E   playwright._impl._errors.Error: Page.goto: net::ERR_CONNECTION_TIMED_OUT at https://192.168.2.158/#/login
E   Call log:
E     - navigating to "https://192.168.2.158/#/login", waiting until "load"
_______________ test_TestCase_AcuHMI_005_04_case05_5[chromium] ________________
tests\systemsettings\general\test_TestCase_AcuHMI_005_04_case05_5.py:42: in test_TestCase_AcuHMI_005_04_case05_5
    login_page.open()
pages\login_page.py:14: in open
    self.navigate(self.url)
pages\base_page.py:11: in navigate
    self.page.goto(url, timeout=self.timeout)
C:\Users\ZanHu\AppData\Local\Programs\Python\Python311\Lib\site-packages\playwright\sync_api\_generated.py:9362: in goto
    self._sync(
C:\Users\ZanHu\AppData\Local\Programs\Python\Python311\Lib\site-packages\playwright\_impl\_page.py:552: in goto
    return await self._main_frame.goto(**locals_to_params(locals()))
C:\Users\ZanHu\AppData\Local\Programs\Python\Python311\Lib\site-packages\playwright\_impl\_frame.py:153: in goto
    await self._channel.send(
C:\Users\ZanHu\AppData\Local\Programs\Python\Python311\Lib\site-packages\playwright\_impl\_connection.py:69: in send
    return await self._connection.wrap_api_call(
C:\Users\ZanHu\AppData\Local\Programs\Python\Python311\Lib\site-packages\playwright\_impl\_connection.py:559: in wrap_api_call
    raise rewrite_error(error, f"{parsed_st['apiName']}: {error}") from None
E   playwright._impl._errors.Error: Page.goto: net::ERR_CONNECTION_TIMED_OUT at https://192.168.2.158/#/login
E   Call log:
E     - navigating to "https://192.168.2.158/#/login", waiting until "load"
_______________ test_TestCase_AcuHMI_005_04_case05_6[chromium] ________________
tests\systemsettings\general\test_TestCase_AcuHMI_005_04_case05_6.py:41: in test_TestCase_AcuHMI_005_04_case05_6
    login_page.open()
pages\login_page.py:14: in open
    self.navigate(self.url)
pages\base_page.py:11: in navigate
    self.page.goto(url, timeout=self.timeout)
C:\Users\ZanHu\AppData\Local\Programs\Python\Python311\Lib\site-packages\playwright\sync_api\_generated.py:9362: in goto
    self._sync(
C:\Users\ZanHu\AppData\Local\Programs\Python\Python311\Lib\site-packages\playwright\_impl\_page.py:552: in goto
    return await self._main_frame.goto(**locals_to_params(locals()))
C:\Users\ZanHu\AppData\Local\Programs\Python\Python311\Lib\site-packages\playwright\_impl\_frame.py:153: in goto
    await self._channel.send(
C:\Users\ZanHu\AppData\Local\Programs\Python\Python311\Lib\site-packages\playwright\_impl\_connection.py:69: in send
    return await self._connection.wrap_api_call(
C:\Users\ZanHu\AppData\Local\Programs\Python\Python311\Lib\site-packages\playwright\_impl\_connection.py:559: in wrap_api_call
    raise rewrite_error(error, f"{parsed_st['apiName']}: {error}") from None
E   playwright._impl._errors.Error: Page.goto: net::ERR_CONNECTION_TIMED_OUT at https://192.168.2.158/#/login
E   Call log:
E     - navigating to "https://192.168.2.158/#/login", waiting until "load"
_______________ test_TestCase_AcuHMI_005_04_case05_7[chromium] ________________
tests\systemsettings\general\test_TestCase_AcuHMI_005_04_case05_7.py:41: in test_TestCase_AcuHMI_005_04_case05_7
    login_page.open()
pages\login_page.py:14: in open
    self.navigate(self.url)
pages\base_page.py:11: in navigate
    self.page.goto(url, timeout=self.timeout)
C:\Users\ZanHu\AppData\Local\Programs\Python\Python311\Lib\site-packages\playwright\sync_api\_generated.py:9362: in goto
    self._sync(
C:\Users\ZanHu\AppData\Local\Programs\Python\Python311\Lib\site-packages\playwright\_impl\_page.py:552: in goto
    return await self._main_frame.goto(**locals_to_params(locals()))
C:\Users\ZanHu\AppData\Local\Programs\Python\Python311\Lib\site-packages\playwright\_impl\_frame.py:153: in goto
    await self._channel.send(
C:\Users\ZanHu\AppData\Local\Programs\Python\Python311\Lib\site-packages\playwright\_impl\_connection.py:69: in send
    return await self._connection.wrap_api_call(
C:\Users\ZanHu\AppData\Local\Programs\Python\Python311\Lib\site-packages\playwright\_impl\_connection.py:559: in wrap_api_call
    raise rewrite_error(error, f"{parsed_st['apiName']}: {error}") from None
E   playwright._impl._errors.Error: Page.goto: net::ERR_CONNECTION_TIMED_OUT at https://192.168.2.158/#/login
E   Call log:
E     - navigating to "https://192.168.2.158/#/login", waiting until "load"
_______________ test_TestCase_AcuHMI_005_04_case05_8[chromium] ________________
tests\systemsettings\general\test_TestCase_AcuHMI_005_04_case05_8.py:41: in test_TestCase_AcuHMI_005_04_case05_8
    login_page.open()
pages\login_page.py:14: in open
    self.navigate(self.url)
pages\base_page.py:11: in navigate
    self.page.goto(url, timeout=self.timeout)
C:\Users\ZanHu\AppData\Local\Programs\Python\Python311\Lib\site-packages\playwright\sync_api\_generated.py:9362: in goto
    self._sync(
C:\Users\ZanHu\AppData\Local\Programs\Python\Python311\Lib\site-packages\playwright\_impl\_page.py:552: in goto
    return await self._main_frame.goto(**locals_to_params(locals()))
C:\Users\ZanHu\AppData\Local\Programs\Python\Python311\Lib\site-packages\playwright\_impl\_frame.py:153: in goto
    await self._channel.send(
C:\Users\ZanHu\AppData\Local\Programs\Python\Python311\Lib\site-packages\playwright\_impl\_connection.py:69: in send
    return await self._connection.wrap_api_call(
C:\Users\ZanHu\AppData\Local\Programs\Python\Python311\Lib\site-packages\playwright\_impl\_connection.py:559: in wrap_api_call
    raise rewrite_error(error, f"{parsed_st['apiName']}: {error}") from None
E   playwright._impl._errors.Error: Page.goto: net::ERR_CONNECTION_TIMED_OUT at https://192.168.2.158/#/login
E   Call log:
E     - navigating to "https://192.168.2.158/#/login", waiting until "load"
_______________ test_TestCase_AcuHMI_005_04_case05_9[chromium] ________________
tests\systemsettings\general\test_TestCase_AcuHMI_005_04_case05_9.py:41: in test_TestCase_AcuHMI_005_04_case05_9
    login_page.open()
pages\login_page.py:14: in open
    self.navigate(self.url)
pages\base_page.py:11: in navigate
    self.page.goto(url, timeout=self.timeout)
C:\Users\ZanHu\AppData\Local\Programs\Python\Python311\Lib\site-packages\playwright\sync_api\_generated.py:9362: in goto
    self._sync(
C:\Users\ZanHu\AppData\Local\Programs\Python\Python311\Lib\site-packages\playwright\_impl\_page.py:552: in goto
    return await self._main_frame.goto(**locals_to_params(locals()))
C:\Users\ZanHu\AppData\Local\Programs\Python\Python311\Lib\site-packages\playwright\_impl\_frame.py:153: in goto
    await self._channel.send(
C:\Users\ZanHu\AppData\Local\Programs\Python\Python311\Lib\site-packages\playwright\_impl\_connection.py:69: in send
    return await self._connection.wrap_api_call(
C:\Users\ZanHu\AppData\Local\Programs\Python\Python311\Lib\site-packages\playwright\_impl\_connection.py:559: in wrap_api_call
    raise rewrite_error(error, f"{parsed_st['apiName']}: {error}") from None
E   playwright._impl._errors.Error: Page.goto: net::ERR_CONNECTION_TIMED_OUT at https://192.168.2.158/#/login
E   Call log:
E     - navigating to "https://192.168.2.158/#/login", waiting until "load"
_______________ test_TestCase_AcuHMI_005_04_case06_1[chromium] ________________
tests\systemsettings\general\test_TestCase_AcuHMI_005_04_case06_1.py:43: in test_TestCase_AcuHMI_005_04_case06_1
    login_page.open()
pages\login_page.py:14: in open
    self.navigate(self.url)
pages\base_page.py:11: in navigate
    self.page.goto(url, timeout=self.timeout)
C:\Users\ZanHu\AppData\Local\Programs\Python\Python311\Lib\site-packages\playwright\sync_api\_generated.py:9362: in goto
    self._sync(
C:\Users\ZanHu\AppData\Local\Programs\Python\Python311\Lib\site-packages\playwright\_impl\_page.py:552: in goto
    return await self._main_frame.goto(**locals_to_params(locals()))
C:\Users\ZanHu\AppData\Local\Programs\Python\Python311\Lib\site-packages\playwright\_impl\_frame.py:153: in goto
    await self._channel.send(
C:\Users\ZanHu\AppData\Local\Programs\Python\Python311\Lib\site-packages\playwright\_impl\_connection.py:69: in send
    return await self._connection.wrap_api_call(
C:\Users\ZanHu\AppData\Local\Programs\Python\Python311\Lib\site-packages\playwright\_impl\_connection.py:559: in wrap_api_call
    raise rewrite_error(error, f"{parsed_st['apiName']}: {error}") from None
E   playwright._impl._errors.Error: Page.goto: net::ERR_CONNECTION_TIMED_OUT at https://192.168.2.158/#/login
E   Call log:
E     - navigating to "https://192.168.2.158/#/login", waiting until "load"
_______________ test_TestCase_AcuHMI_005_04_case06_3[chromium] ________________
tests\systemsettings\general\test_TestCase_AcuHMI_005_04_case06_3.py:41: in test_TestCase_AcuHMI_005_04_case06_3
    login_page.open()
pages\login_page.py:14: in open
    self.navigate(self.url)
pages\base_page.py:11: in navigate
    self.page.goto(url, timeout=self.timeout)
C:\Users\ZanHu\AppData\Local\Programs\Python\Python311\Lib\site-packages\playwright\sync_api\_generated.py:9362: in goto
    self._sync(
C:\Users\ZanHu\AppData\Local\Programs\Python\Python311\Lib\site-packages\playwright\_impl\_page.py:552: in goto
    return await self._main_frame.goto(**locals_to_params(locals()))
C:\Users\ZanHu\AppData\Local\Programs\Python\Python311\Lib\site-packages\playwright\_impl\_frame.py:153: in goto
    await self._channel.send(
C:\Users\ZanHu\AppData\Local\Programs\Python\Python311\Lib\site-packages\playwright\_impl\_connection.py:69: in send
    return await self._connection.wrap_api_call(
C:\Users\ZanHu\AppData\Local\Programs\Python\Python311\Lib\site-packages\playwright\_impl\_connection.py:559: in wrap_api_call
    raise rewrite_error(error, f"{parsed_st['apiName']}: {error}") from None
E   playwright._impl._errors.Error: Page.goto: net::ERR_CONNECTION_TIMED_OUT at https://192.168.2.158/#/login
E   Call log:
E     - navigating to "https://192.168.2.158/#/login", waiting until "load"
________________ test_TestCase_AcuHMI_005_05_case01[chromium] _________________
tests\systemsettings\general\test_TestCase_AcuHMI_005_05_case01.py:25: in test_TestCase_AcuHMI_005_05_case01
    login_page.open()
pages\login_page.py:14: in open
    self.navigate(self.url)
pages\base_page.py:11: in navigate
    self.page.goto(url, timeout=self.timeout)
C:\Users\ZanHu\AppData\Local\Programs\Python\Python311\Lib\site-packages\playwright\sync_api\_generated.py:9362: in goto
    self._sync(
C:\Users\ZanHu\AppData\Local\Programs\Python\Python311\Lib\site-packages\playwright\_impl\_page.py:552: in goto
    return await self._main_frame.goto(**locals_to_params(locals()))
C:\Users\ZanHu\AppData\Local\Programs\Python\Python311\Lib\site-packages\playwright\_impl\_frame.py:153: in goto
    await self._channel.send(
C:\Users\ZanHu\AppData\Local\Programs\Python\Python311\Lib\site-packages\playwright\_impl\_connection.py:69: in send
    return await self._connection.wrap_api_call(
C:\Users\ZanHu\AppData\Local\Programs\Python\Python311\Lib\site-packages\playwright\_impl\_connection.py:559: in wrap_api_call
    raise rewrite_error(error, f"{parsed_st['apiName']}: {error}") from None
E   playwright._impl._errors.Error: Page.goto: net::ERR_CONNECTION_TIMED_OUT at https://192.168.2.158/#/login
E   Call log:
E     - navigating to "https://192.168.2.158/#/login", waiting until "load"
________________ test_TestCase_AcuHMI_005_05_case02[chromium] _________________
tests\systemsettings\general\test_TestCase_AcuHMI_005_05_case02.py:24: in test_TestCase_AcuHMI_005_05_case02
    login_page.open()
pages\login_page.py:14: in open
    self.navigate(self.url)
pages\base_page.py:11: in navigate
    self.page.goto(url, timeout=self.timeout)
C:\Users\ZanHu\AppData\Local\Programs\Python\Python311\Lib\site-packages\playwright\sync_api\_generated.py:9362: in goto
    self._sync(
C:\Users\ZanHu\AppData\Local\Programs\Python\Python311\Lib\site-packages\playwright\_impl\_page.py:552: in goto
    return await self._main_frame.goto(**locals_to_params(locals()))
C:\Users\ZanHu\AppData\Local\Programs\Python\Python311\Lib\site-packages\playwright\_impl\_frame.py:153: in goto
    await self._channel.send(
C:\Users\ZanHu\AppData\Local\Programs\Python\Python311\Lib\site-packages\playwright\_impl\_connection.py:69: in send
    return await self._connection.wrap_api_call(
C:\Users\ZanHu\AppData\Local\Programs\Python\Python311\Lib\site-packages\playwright\_impl\_connection.py:559: in wrap_api_call
    raise rewrite_error(error, f"{parsed_st['apiName']}: {error}") from None
E   playwright._impl._errors.Error: Page.goto: net::ERR_CONNECTION_TIMED_OUT at https://192.168.2.158/#/login
E   Call log:
E     - navigating to "https://192.168.2.158/#/login", waiting until "load"
________________ test_TestCase_AcuHMI_005_05_case04[chromium] _________________
tests\systemsettings\general\test_TestCase_AcuHMI_005_05_case04.py:28: in test_TestCase_AcuHMI_005_05_case04
    login_page.open()
pages\login_page.py:14: in open
    self.navigate(self.url)
pages\base_page.py:11: in navigate
    self.page.goto(url, timeout=self.timeout)
C:\Users\ZanHu\AppData\Local\Programs\Python\Python311\Lib\site-packages\playwright\sync_api\_generated.py:9362: in goto
    self._sync(
C:\Users\ZanHu\AppData\Local\Programs\Python\Python311\Lib\site-packages\playwright\_impl\_page.py:552: in goto
    return await self._main_frame.goto(**locals_to_params(locals()))
C:\Users\ZanHu\AppData\Local\Programs\Python\Python311\Lib\site-packages\playwright\_impl\_frame.py:153: in goto
    await self._channel.send(
C:\Users\ZanHu\AppData\Local\Programs\Python\Python311\Lib\site-packages\playwright\_impl\_connection.py:69: in send
    return await self._connection.wrap_api_call(
C:\Users\ZanHu\AppData\Local\Programs\Python\Python311\Lib\site-packages\playwright\_impl\_connection.py:559: in wrap_api_call
    raise rewrite_error(error, f"{parsed_st['apiName']}: {error}") from None
E   playwright._impl._errors.Error: Page.goto: net::ERR_CONNECTION_TIMED_OUT at https://192.168.2.158/#/login
E   Call log:
E     - navigating to "https://192.168.2.158/#/login", waiting until "load"
_______________ test_TestCase_AcuHMI_005_05_case05_1[chromium] ________________
tests\systemsettings\general\test_TestCase_AcuHMI_005_05_case05_1.py:27: in test_TestCase_AcuHMI_005_05_case05_1
    login_page.open()
pages\login_page.py:14: in open
    self.navigate(self.url)
pages\base_page.py:11: in navigate
    self.page.goto(url, timeout=self.timeout)
C:\Users\ZanHu\AppData\Local\Programs\Python\Python311\Lib\site-packages\playwright\sync_api\_generated.py:9362: in goto
    self._sync(
C:\Users\ZanHu\AppData\Local\Programs\Python\Python311\Lib\site-packages\playwright\_impl\_page.py:552: in goto
    return await self._main_frame.goto(**locals_to_params(locals()))
C:\Users\ZanHu\AppData\Local\Programs\Python\Python311\Lib\site-packages\playwright\_impl\_frame.py:153: in goto
    await self._channel.send(
C:\Users\ZanHu\AppData\Local\Programs\Python\Python311\Lib\site-packages\playwright\_impl\_connection.py:69: in send
    return await self._connection.wrap_api_call(
[...]
    _nav_to_physical_devices(page)
tests\physicaldevices\general\test_TestCase_AcuHMI_001_01_case06.py:16: in _nav_to_physical_devices
    page.locator(".left-nav-item").filter(has_text="Physical Devices").click()
C:\Users\ZanHu\AppData\Local\Programs\Python\Python311\Lib\site-packages\playwright\sync_api\_generated.py:16196: in click
    self._sync(
C:\Users\ZanHu\AppData\Local\Programs\Python\Python311\Lib\site-packages\playwright\_impl\_locator.py:162: in click
    return await self._frame._click(self._selector, strict=True, **params)
C:\Users\ZanHu\AppData\Local\Programs\Python\Python311\Lib\site-packages\playwright\_impl\_frame.py:566: in _click
    await self._channel.send("click", self._timeout, locals_to_params(locals()))
C:\Users\ZanHu\AppData\Local\Programs\Python\Python311\Lib\site-packages\playwright\_impl\_connection.py:69: in send
    return await self._connection.wrap_api_call(
C:\Users\ZanHu\AppData\Local\Programs\Python\Python311\Lib\site-packages\playwright\_impl\_connection.py:559: in wrap_api_call
    raise rewrite_error(error, f"{parsed_st['apiName']}: {error}") from None
E   playwright._impl._errors.TimeoutError: Locator.click: Timeout 30000ms exceeded.
E   Call log:
E     - waiting for locator(".left-nav-item").filter(has_text="Physical Devices")
________________ test_TestCase_AcuHMI_010_04_case08[chromium] _________________
tests\security\general\test_TestCase_AcuHMI_010_04_case08.py:34: in test_TestCase_AcuHMI_010_04_case08
    _nav_to_firmware(page)
tests\security\general\test_TestCase_AcuHMI_010_04_case08.py:14: in _nav_to_firmware
    page.locator("header span").filter(has_text="AcuHMI").first.click()
C:\Users\ZanHu\AppData\Local\Programs\Python\Python311\Lib\site-packages\playwright\sync_api\_generated.py:16196: in click
    self._sync(
C:\Users\ZanHu\AppData\Local\Programs\Python\Python311\Lib\site-packages\playwright\_impl\_locator.py:162: in click
    return await self._frame._click(self._selector, strict=True, **params)
C:\Users\ZanHu\AppData\Local\Programs\Python\Python311\Lib\site-packages\playwright\_impl\_frame.py:566: in _click
    await self._channel.send("click", self._timeout, locals_to_params(locals()))
C:\Users\ZanHu\AppData\Local\Programs\Python\Python311\Lib\site-packages\playwright\_impl\_connection.py:69: in send
    return await self._connection.wrap_api_call(
C:\Users\ZanHu\AppData\Local\Programs\Python\Python311\Lib\site-packages\playwright\_impl\_connection.py:559: in wrap_api_call
    raise rewrite_error(error, f"{parsed_st['apiName']}: {error}") from None
E   playwright._impl._errors.TimeoutError: Locator.click: Timeout 30000ms exceeded.
E   Call log:
E     - waiting for locator("header span").filter(has_text="AcuHMI").first
_____________ test_WebDevice_validation_length_special[chromium] ______________
tests\webdevices\general\test_WebDevice_validation_length_special.py:88: in test_WebDevice_validation_length_special
    _nav_to_web_devices(page)
tests\webdevices\general\test_WebDevice_validation_length_special.py:17: in _nav_to_web_devices
    page.locator(".left-nav-item").filter(has_text="Web Devices").click()
C:\Users\ZanHu\AppData\Local\Programs\Python\Python311\Lib\site-packages\playwright\sync_api\_generated.py:16196: in click
    self._sync(
C:\Users\ZanHu\AppData\Local\Programs\Python\Python311\Lib\site-packages\playwright\_impl\_locator.py:162: in click
    return await self._frame._click(self._selector, strict=True, **params)
C:\Users\ZanHu\AppData\Local\Programs\Python\Python311\Lib\site-packages\playwright\_impl\_frame.py:566: in _click
    await self._channel.send("click", self._timeout, locals_to_params(locals()))
C:\Users\ZanHu\AppData\Local\Programs\Python\Python311\Lib\site-packages\playwright\_impl\_connection.py:69: in send
    return await self._connection.wrap_api_call(
C:\Users\ZanHu\AppData\Local\Programs\Python\Python311\Lib\site-packages\playwright\_impl\_connection.py:559: in wrap_api_call
    raise rewrite_error(error, f"{parsed_st['apiName']}: {error}") from None
E   playwright._impl._errors.TimeoutError: Locator.click: Timeout 30000ms exceeded.
E   Call log:
E     - waiting for locator(".left-nav-item").filter(has_text="Web Devices")
============================== warnings summary ===============================
tests\systemsettings\general\test_TestCase_AcuHMI_005_07_case03_3.py:61
  C:\AI工具\autotest\gw_project_web_outo\tests\systemsettings\general\test_TestCase_AcuHMI_005_07_case03_3.py:61: PytestUnknownMarkWarning: Unknown pytest.mark.slow - is this a typo?  You can register custom marks to avoid this warning - for details, see https://docs.pytest.org/en/stable/how-to/mark.html
    @pytest.mark.slow

tests\webdevices\general\test_WebDevice_add_max_limit.py:84
  C:\AI工具\autotest\gw_project_web_outo\tests\webdevices\general\test_WebDevice_add_max_limit.py:84: PytestUnknownMarkWarning: Unknown pytest.mark.slow - is this a typo?  You can register custom marks to avoid this warning - for details, see https://docs.pytest.org/en/stable/how-to/mark.html
    @pytest.mark.slow

-- Docs: https://docs.pytest.org/en/stable/how-to/capture-warnings.html
- Generated html report: file:///C:/AI%E5%B7%A5%E5%85%B7/autotest/gw_project_web_outo/reports/report.html -
=========================== short test summary info ===========================
FAILED tests/datalog/general/test_TestCase_AcuHMI_003_07_case01.py::test_TestCase_AcuHMI_003_07_case01[chromium]
FAILED tests/datalog/general/test_TestCase_AcuHMI_003_07_case04.py::test_TestCase_AcuHMI_003_07_case04[chromium]
FAILED tests/datalog/postchannel/test_TestCase_AcuHMI_003_05_case03.py::test_TestCase_AcuHMI_003_05_case03[chromium]
FAILED tests/datalog/postchannel/test_TestCase_AcuHMI_003_05_case05.py::test_TestCase_AcuHMI_003_05_case05[chromium]
FAILED tests/datalog/postchannel/test_TestCase_AcuHMI_003_05_case08.py::test_TestCase_AcuHMI_003_05_case08[chromium]
FAILED tests/datalog/postchannel/test_TestCase_AcuHMI_003_05_case11.py::test_TestCase_AcuHMI_003_05_case11[chromium]
FAILED tests/datalog/postchannel/test_TestCase_AcuHMI_003_05_case17.py::test_TestCase_AcuHMI_003_05_case17[chromium]
FAILED tests/systemsettings/general/test_TestCase_AcuHMI_005_01_case02.py::test_TestCase_AcuHMI_005_01_case02[chromium]
FAILED tests/systemsettings/general/test_TestCase_AcuHMI_005_01_case05.py::test_TestCase_AcuHMI_005_01_case05[chromium]
FAILED tests/systemsettings/general/test_TestCase_AcuHMI_005_01_case05_01.py::test_TestCase_AcuHMI_005_01_case05_01[chromium]
FAILED tests/systemsettings/general/test_TestCase_AcuHMI_005_01_case05_row598.py::test_TestCase_AcuHMI_005_01_case05_row598[chromium]
FAILED tests/systemsettings/general/test_TestCase_AcuHMI_005_02_case01_02.py::test_TestCase_AcuHMI_005_02_case01_02[chromium]
FAILED tests/systemsettings/general/test_TestCase_AcuHMI_005_02_case02_02.py::test_TestCase_AcuHMI_005_02_case02_02[chromium]
FAILED tests/systemsettings/general/test_TestCase_AcuHMI_005_04_case04.py::test_TestCase_AcuHMI_005_04_case04[chromium]
FAILED tests/systemsettings/general/test_TestCase_AcuHMI_005_04_case04_1.py::test_TestCase_AcuHMI_005_04_case04_1[chromium]
FAILED tests/systemsettings/general/test_TestCase_AcuHMI_005_04_case04_10.py::test_TestCase_AcuHMI_005_04_case04_10[chromium]
FAILED tests/systemsettings/general/test_TestCase_AcuHMI_005_04_case04_2.py::test_TestCase_AcuHMI_005_04_case04_2[chromium]
FAILED tests/systemsettings/general/test_TestCase_AcuHMI_005_04_case04_3.py::test_TestCase_AcuHMI_005_04_case04_3[chromium]
FAILED tests/systemsettings/general/test_TestCase_AcuHMI_005_04_case04_4.py::test_TestCase_AcuHMI_005_04_case04_4[chromium]
FAILED tests/systemsettings/general/test_TestCase_AcuHMI_005_04_case04_5.py::test_TestCase_AcuHMI_005_04_case04_5[chromium]
FAILED tests/systemsettings/general/test_TestCase_AcuHMI_005_04_case04_6.py::test_TestCase_AcuHMI_005_04_case04_6[chromium]
FAILED tests/systemsettings/general/test_TestCase_AcuHMI_005_04_case04_7.py::test_TestCase_AcuHMI_005_04_case04_7[chromium]
FAILED tests/systemsettings/general/test_TestCase_AcuHMI_005_04_case04_8.py::test_TestCase_AcuHMI_005_04_case04_8[chromium]
FAILED tests/systemsettings/general/test_TestCase_AcuHMI_005_04_case04_9.py::test_TestCase_AcuHMI_005_04_case04_9[chromium]
FAILED tests/systemsettings/general/test_TestCase_AcuHMI_005_04_case05.py::test_TestCase_AcuHMI_005_04_case05[chromium]
FAILED tests/systemsettings/general/test_TestCase_AcuHMI_005_04_case05_1.py::test_TestCase_AcuHMI_005_04_case05_1[chromium]
FAILED tests/systemsettings/general/test_TestCase_AcuHMI_005_04_case05_10.py::test_TestCase_AcuHMI_005_04_case05_10[chromium]
FAILED tests/systemsettings/general/test_TestCase_AcuHMI_005_04_case05_2.py::test_TestCase_AcuHMI_005_04_case05_2[chromium]
FAILED tests/systemsettings/general/test_TestCase_AcuHMI_005_04_case05_3.py::test_TestCase_AcuHMI_005_04_case05_3[chromium]
FAILED tests/systemsettings/general/test_TestCase_AcuHMI_005_04_case05_4.py::test_TestCase_AcuHMI_005_04_case05_4[chromium]
FAILED tests/systemsettings/general/test_TestCase_AcuHMI_005_04_case05_5.py::test_TestCase_AcuHMI_005_04_case05_5[chromium]
FAILED tests/systemsettings/general/test_TestCase_AcuHMI_005_04_case05_6.py::test_TestCase_AcuHMI_005_04_case05_6[chromium]
FAILED tests/systemsettings/general/test_TestCase_AcuHMI_005_04_case05_7.py::test_TestCase_AcuHMI_005_04_case05_7[chromium]
FAILED tests/systemsettings/general/test_TestCase_AcuHMI_005_04_case05_8.py::test_TestCase_AcuHMI_005_04_case05_8[chromium]
FAILED tests/systemsettings/general/test_TestCase_AcuHMI_005_04_case05_9.py::test_TestCase_AcuHMI_005_04_case05_9[chromium]
FAILED tests/systemsettings/general/test_TestCase_AcuHMI_005_04_case06_1.py::test_TestCase_AcuHMI_005_04_case06_1[chromium]
FAILED tests/systemsettings/general/test_TestCase_AcuHMI_005_04_case06_3.py::test_TestCase_AcuHMI_005_04_case06_3[chromium]
FAILED tests/systemsettings/general/test_TestCase_AcuHMI_005_05_case01.py::test_TestCase_AcuHMI_005_05_case01[chromium]
FAILED tests/systemsettings/general/test_TestCase_AcuHMI_005_05_case02.py::test_TestCase_AcuHMI_005_05_case02[chromium]
FAILED tests/systemsettings/general/test_TestCase_AcuHMI_005_05_case04.py::test_TestCase_AcuHMI_005_05_case04[chromium]
FAILED tests/systemsettings/general/test_TestCase_AcuHMI_005_05_case05_1.py::test_TestCase_AcuHMI_005_05_case05_1[chromium]
FAILED tests/systemsettings/general/test_TestCase_AcuHMI_005_05_case05_2.py::test_TestCase_AcuHMI_005_05_case05_2[chromium]
FAILED tests/systemsettings/general/test_TestCase_AcuHMI_005_05_case05_3.py::test_TestCase_AcuHMI_005_05_case05_3[chromium]
FAILED tests/systemsettings/general/test_TestCase_AcuHMI_005_07_case03_3.py::test_TestCase_AcuHMI_005_07_case03_3[chromium]
FAILED tests/systemsettings/general/test_TestCase_AcuHMI_005_07_case03_4.py::test_TestCase_AcuHMI_005_07_case03_4[chromium]
FAILED tests/systemsettings/general/test_TestCase_AcuHMI_005_07_case03_5.py::test_TestCase_AcuHMI_005_07_case03_5[chromium]
FAILED tests/systemsettings/general/test_TestCase_AcuRev4100_WEB2_009_006_case03.py::test_TestCase_AcuRev4100_WEB2_009_006_case03[chromium]
FAILED tests/diagnostics/general/test_TestCase_AcuHMI_009_01_case01.py::test_TestCase_AcuHMI_009_01_case01[chromium]
FAILED tests/diagnostics/general/test_TestCase_AcuHMI_009_05_case01.py::test_TestCase_AcuHMI_009_05_case01[chromium]
FAILED tests/diagnostics/general/test_TestCase_AcuHMI_009_05_case01_1.py::test_TestCase_AcuHMI_009_05_case01_1[chromium]
FAILED tests/diagnostics/general/test_TestCase_AcuHMI_009_05_case01_12.py::test_TestCase_AcuHMI_009_05_case01_12[chromium]
FAILED tests/diagnostics/general/test_TestCase_AcuHMI_009_06_case01_21.py::test_TestCase_AcuHMI_009_06_case01_21[chromium]
FAILED tests/diagnostics/general/test_TestCase_AcuHMI_009_06_case02.py::test_TestCase_AcuHMI_009_06_case02[chromium]
FAILED tests/templates/general/test_TestCase_AcuHMI_008_01_case02_2.py::test_TestCase_AcuHMI_008_01_case02_2[chromium]
FAILED tests/templates/general/test_TestCase_AcuHMI_008_01_case03_3.py::test_TestCase_AcuHMI_008_01_case03_3[chromium]
FAILED tests/templates/general/test_TestCase_AcuHMI_008_01_case04_4.py::test_TestCase_AcuHMI_008_01_case04_4[chromium]
FAILED tests/templates/general/test_TestCase_AcuHMI_008_01_case05_5.py::test_TestCase_AcuHMI_008_01_case05_5[chromium]
FAILED tests/templates/general/test_TestCase_AcuHMI_008_01_case06_6.py::test_TestCase_AcuHMI_008_01_case06_6[chromium]
FAILED tests/templates/general/test_TestCase_AcuHMI_008_01_case08_8.py::test_TestCase_AcuHMI_008_01_case08_8[chromium]
FAILED tests/templates/general/test_TestCase_AcuHMI_008_01_case12_12.py::test_TestCase_AcuHMI_008_01_case12_12[chromium]
FAILED tests/templates/general/test_TestCase_AcuHMI_008_01_case13_13.py::test_TestCase_AcuHMI_008_01_case13_13[chromium]
FAILED tests/protocols/bacnet/test_TestCase_WEB2_033_001_044.py::test_TestCase_WEB2_033_001_044[chromium]
FAILED tests/protocols/modbus/test_TestCase_AcuHMI_008_04_case06.py::test_TestCase_AcuHMI_008_04_case06[chromium]
FAILED tests/protocols/mqtt/test_TestCase_AcuRev4100_WEB2_005_004_case01.py::test_TestCase_AcuRev4100_WEB2_005_004_case01[chromium]
FAILED tests/protocols/mqtt/test_TestCase_AcuRev4100_WEB2_005_004_case02.py::test_TestCase_AcuRev4100_WEB2_005_004_case02[chromium]
FAILED tests/protocols/mqtt/test_TestCase_AcuRev4100_WEB2_005_004_case03.py::test_TestCase_AcuRev4100_WEB2_005_004_case03[chromium]
FAILED tests/protocols/mqtt/test_TestCase_AcuRev4100_WEB2_005_004_case04.py::test_TestCase_AcuRev4100_WEB2_005_004_case04[chromium]
FAILED tests/protocols/mqtt/test_TestCase_AcuRev4100_WEB2_005_004_case05.py::test_TestCase_AcuRev4100_WEB2_005_004_case05[chromium]
FAILED tests/protocols/mqtt/test_TestCase_AcuRev4100_WEB2_005_004_case08.py::test_TestCase_AcuRev4100_WEB2_005_004_case08[chromium]
FAILED tests/protocols/mqtt/test_TestCase_AcuRev4100_WEB2_005_004_case09.py::test_TestCase_AcuRev4100_WEB2_005_004_case09[chromium]
FAILED tests/protocols/mqtt/test_TestCase_AcuRev4100_WEB2_005_004_case10.py::test_TestCase_AcuRev4100_WEB2_005_004_case10[chromium]
FAILED tests/protocols/mqtt/test_TestCase_AcuRev4100_WEB2_005_004_case11.py::test_TestCase_AcuRev4100_WEB2_005_004_case11[chromium]
FAILED tests/protocols/mqtt/test_TestCase_AcuRev4100_WEB2_005_004_case16.py::test_TestCase_AcuRev4100_WEB2_005_004_case16[chromium]
FAILED tests/protocols/mqtt/test_TestCase_AcuRev4100_WEB2_005_004_case19.py::test_TestCase_AcuRev4100_WEB2_005_004_case19[chromium]
FAILED tests/protocols/mqtt/test_TestCase_AcuRev4100_WEB2_005_004_case20.py::test_TestCase_AcuRev4100_WEB2_005_004_case20[chromium]
FAILED tests/protocols/mqtt/test_TestCase_AcuRev4100_WEB2_005_004_case21.py::test_TestCase_AcuRev4100_WEB2_005_004_case21[chromium]
FAILED tests/protocols/mqtt/test_TestCase_AcuRev4100_WEB2_005_004_case22.py::test_TestCase_AcuRev4100_WEB2_005_004_case22[chromium]
FAILED tests/protocols/mqtt/test_TestCase_AcuRev4100_WEB2_005_004_case23.py::test_TestCase_AcuRev4100_WEB2_005_004_case23[chromium]
FAILED tests/protocols/mqtt/test_TestCase_AcuRev4100_WEB2_005_004_case24.py::test_TestCase_AcuRev4100_WEB2_005_004_case24[chromium]
FAILED tests/protocols/mqtt/test_TestCase_AcuRev4100_WEB2_005_004_case25.py::test_TestCase_AcuRev4100_WEB2_005_004_case25[chromium]
FAILED tests/protocols/mqtt/test_TestCase_AcuRev4100_WEB2_005_004_case26.py::test_TestCase_AcuRev4100_WEB2_005_004_case26[chromium]
FAILED tests/protocols/mqtt/test_TestCase_AcuRev4100_WEB2_005_004_case27.py::test_TestCase_AcuRev4100_WEB2_005_004_case27[chromium]
FAILED tests/protocols/mqtt/test_TestCase_AcuRev4100_WEB2_005_004_case28.py::test_TestCase_AcuRev4100_WEB2_005_004_case28[chromium]
FAILED tests/protocols/mqtt/test_TestCase_AcuRev4100_WEB2_008_004_case30.py::test_TestCase_AcuRev4100_WEB2_008_004_case30[chromium]
FAILED tests/protocols/mqtt/test_TestCase_AcuRev4100_WEB2_008_004_case31.py::test_TestCase_AcuRev4100_WEB2_008_004_case31[chromium]
FAILED tests/protocols/mqtt/test_TestCase_AcuRev4100_WEB2_008_004_case32.py::test_TestCase_AcuRev4100_WEB2_008_004_case32[chromium]
FAILED tests/protocols/mqtt/test_TestCase_AcuRev4100_WEB2_008_005_case05.py::test_TestCase_AcuRev4100_WEB2_008_005_case05[chromium]
FAILED tests/protocols/snmp/test_TestCase_AcuRev4100_WEB2_008_003_case01.py::test_TestCase_AcuRev4100_WEB2_008_003_case01[chromium]
FAILED tests/protocols/snmp/test_TestCase_AcuRev4100_WEB2_008_003_case02.py::test_TestCase_AcuRev4100_WEB2_008_003_case02[chromium]
FAILED tests/protocols/snmp/test_TestCase_AcuRev4100_WEB2_008_003_case03.py::test_TestCase_AcuRev4100_WEB2_008_003_case03[chromium]
FAILED tests/protocols/snmp/test_TestCase_AcuRev4100_WEB2_008_003_case04.py::test_TestCase_AcuRev4100_WEB2_008_003_case04[chromium]
FAILED tests/protocols/snmp/test_TestCase_AcuRev4100_WEB2_008_003_case05.py::test_TestCase_AcuRev4100_WEB2_008_003_case05[chromium]
FAILED tests/protocols/snmp/test_TestCase_AcuRev4100_WEB2_008_003_case06.py::test_TestCase_AcuRev4100_WEB2_008_003_case06[chromium]
FAILED tests/protocols/snmp/test_TestCase_AcuRev4100_WEB2_008_003_case07.py::test_TestCase_AcuRev4100_WEB2_008_003_case07[chromium]
FAILED tests/protocols/snmp/test_TestCase_AcuRev4100_WEB2_008_003_case10.py::test_TestCase_AcuRev4100_WEB2_008_003_case10[chromium]
FAILED tests/protocols/snmp/test_TestCase_AcuRev4100_WEB2_008_003_case11.py::test_TestCase_AcuRev4100_WEB2_008_003_case11[chromium]
FAILED tests/protocols/snmp/test_TestCase_AcuRev4100_WEB2_008_003_case12.py::test_TestCase_AcuRev4100_WEB2_008_003_case12[chromium]
FAILED tests/protocols/snmp/test_TestCase_AcuRev4100_WEB2_008_003_case13.py::test_TestCase_AcuRev4100_WEB2_008_003_case13[chromium]
FAILED tests/protocols/snmp/test_TestCase_AcuRev4100_WEB2_008_003_case14.py::test_TestCase_AcuRev4100_WEB2_008_003_case14[chromium]
FAILED tests/protocols/snmp/test_TestCase_AcuRev4100_WEB2_008_003_case15.py::test_TestCase_AcuRev4100_WEB2_008_003_case15[chromium]
FAILED tests/protocols/snmp/test_TestCase_AcuRev4100_WEB2_008_003_case16.py::test_TestCase_AcuRev4100_WEB2_008_003_case16[chromium]
FAILED tests/protocols/snmp/test_TestCase_AcuRev4100_WEB2_008_003_case22.py::test_TestCase_AcuRev4100_WEB2_008_003_case22[chromium]
FAILED tests/protocols/snmp/test_TestCase_AcuRev4100_WEB2_008_003_case23.py::test_TestCase_AcuRev4100_WEB2_008_003_case23[chromium]
FAILED tests/protocols/snmp/test_TestCase_AcuRev4100_WEB2_008_003_case24.py::test_TestCase_AcuRev4100_WEB2_008_003_case24[chromium]
FAILED tests/about/general/test_TestCase_AcuHMI_009_08_case05.py::test_TestCase_AcuHMI_009_08_case05[chromium]
FAILED tests/about/general/test_TestCase_AcuHMI_009_08_case06.py::test_TestCase_AcuHMI_009_08_case06[chromium]
FAILED tests/about/general/test_TestCase_AcuHMI_009_08_case07.py::test_TestCase_AcuHMI_009_08_case07[chromium]
FAILED tests/about/general/test_TestCase_AcuHMI_009_08_case08.py::test_TestCase_AcuHMI_009_08_case08[chromium]
FAILED tests/about/general/test_TestCase_AcuHMI_009_08_case09.py::test_TestCase_AcuHMI_009_08_case09[chromium]
FAILED tests/about/general/test_TestCase_AcuHMI_009_08_case10.py::test_TestCase_AcuHMI_009_08_case10[chromium]
FAILED tests/about/general/test_TestCase_AcuHMI_009_08_case11.py::test_TestCase_AcuHMI_009_08_case11[chromium]
FAILED tests/compatibility/general/test_TestCase_AcuHMI_010_03_case01.py::test_TestCase_AcuHMI_010_03_case01[chromium]
FAILED tests/physicaldevices/devicedelete/test_TestCase_AcuHMI_001_01_case12.py::test_TestCase_AcuHMI_001_01_case12[chromium]
FAILED tests/physicaldevices/general/test_TestCase_AcuHMI_001_01_case05.py::test_TestCase_AcuHMI_001_01_case05[chromium]
FAILED tests/physicaldevices/general/test_TestCase_AcuHMI_001_01_case06.py::test_TestCase_AcuHMI_001_01_case06[chromium]
FAILED tests/security/general/test_TestCase_AcuHMI_010_04_case08.py::test_TestCase_AcuHMI_010_04_case08[chromium]
FAILED tests/webdevices/general/test_WebDevice_validation_length_special.py::test_WebDevice_validation_length_special[chromium]
= 117 failed, 54 passed, 27 skipped, 103 xfailed, 10 xpassed, 2 warnings in 7110.42s (1:58:30) =
